TN:
SF:src\App.vue
FN:18,render
FN:23,(anonymous_1)
FN:24,(anonymous_2)
FNF:3
FNH:0
FNDA:0,render
FNDA:0,(anonymous_1)
FNDA:0,(anonymous_2)
DA:4,0
DA:7,0
DA:8,0
DA:11,0
DA:13,0
DA:16,0
DA:17,0
DA:19,0
DA:20,0
DA:21,0
DA:22,0
DA:23,0
DA:24,0
DA:29,0
LF:14
LH:0
BRF:0
BRH:0
end_of_record
TN:
SF:src\api\company-api.js
FN:14,(anonymous_0)
FNF:1
FNH:1
FNDA:4,(anonymous_0)
DA:14,1
DA:15,4
DA:16,4
DA:18,4
DA:26,3
DA:27,0
DA:28,0
DA:29,0
DA:32,3
DA:33,0
DA:34,0
DA:35,0
DA:39,3
DA:40,1
DA:41,1
DA:45,3
DA:46,0
DA:47,0
DA:48,0
DA:51,3
DA:64,3
DA:67,1
DA:68,1
LF:23
LH:14
BRDA:26,0,0,0
BRDA:26,0,1,3
BRDA:32,1,0,0
BRDA:32,1,1,3
BRDA:39,2,0,1
BRDA:39,2,1,2
BRDA:45,3,0,0
BRDA:45,3,1,3
BRDA:45,4,0,3
BRDA:45,4,1,1
BRDA:52,5,0,3
BRDA:52,5,1,2
BRDA:53,6,0,3
BRDA:53,6,1,2
BRDA:54,7,0,3
BRDA:54,7,1,2
BRDA:55,8,0,3
BRDA:55,8,1,3
BRDA:56,9,0,3
BRDA:56,9,1,2
BRDA:57,10,0,3
BRDA:57,10,1,3
BRDA:58,11,0,3
BRDA:58,11,1,3
BRDA:59,12,0,3
BRDA:59,12,1,3
BRDA:60,13,0,3
BRDA:60,13,1,2
BRDA:61,14,0,3
BRDA:61,14,1,2
BRF:30
BRH:27
end_of_record
TN:
SF:src\api\description-api.js
FN:5,(anonymous_0)
FNF:1
FNH:0
FNDA:0,(anonymous_0)
DA:5,1
DA:6,0
DA:7,0
DA:9,0
DA:17,0
DA:18,0
DA:19,0
DA:20,0
DA:23,0
DA:24,0
DA:25,0
DA:26,0
DA:30,0
DA:31,0
DA:32,0
DA:36,0
DA:37,0
DA:38,0
DA:39,0
DA:42,0
DA:49,0
DA:52,0
DA:53,0
LF:23
LH:1
BRDA:17,0,0,0
BRDA:17,0,1,0
BRDA:23,1,0,0
BRDA:23,1,1,0
BRDA:30,2,0,0
BRDA:30,2,1,0
BRDA:36,3,0,0
BRDA:36,3,1,0
BRDA:36,4,0,0
BRDA:36,4,1,0
BRDA:43,5,0,0
BRDA:43,5,1,0
BRDA:44,6,0,0
BRDA:44,6,1,0
BRDA:45,7,0,0
BRDA:45,7,1,0
BRDA:46,8,0,0
BRDA:46,8,1,0
BRF:18
BRH:0
end_of_record
TN:
SF:src\api\firebase-api.js
FN:28,(anonymous_0)
FN:44,(anonymous_1)
FN:58,(anonymous_2)
FN:77,(anonymous_3)
FN:91,(anonymous_4)
FN:111,(anonymous_5)
FN:125,(anonymous_6)
FN:140,(anonymous_7)
FN:143,(anonymous_8)
FN:148,(anonymous_9)
FNF:10
FNH:10
FNDA:2,(anonymous_0)
FNDA:2,(anonymous_1)
FNDA:2,(anonymous_2)
FNDA:2,(anonymous_3)
FNDA:3,(anonymous_4)
FNDA:2,(anonymous_5)
FNDA:2,(anonymous_6)
FNDA:2,(anonymous_7)
FNDA:1,(anonymous_8)
FNDA:1,(anonymous_9)
DA:12,1
DA:13,1
DA:14,1
DA:28,1
DA:29,2
DA:30,2
DA:31,1
DA:33,1
DA:34,1
DA:44,1
DA:45,2
DA:46,2
DA:47,1
DA:49,1
DA:50,1
DA:58,1
DA:59,2
DA:60,2
DA:62,1
DA:63,1
DA:77,1
DA:78,2
DA:79,2
DA:81,1
DA:82,1
DA:91,1
DA:92,3
DA:93,3
DA:94,2
DA:95,1
DA:97,1
DA:100,1
DA:101,1
DA:111,1
DA:112,2
DA:113,2
DA:115,1
DA:116,1
DA:125,1
DA:126,2
DA:127,2
DA:129,1
DA:130,1
DA:140,1
DA:141,2
DA:142,2
DA:143,1
DA:144,1
DA:148,1
DA:150,1
DA:151,1
LF:51
LH:51
BRDA:94,0,0,1
BRDA:94,0,1,1
BRF:2
BRH:2
end_of_record
TN:
SF:src\api\indicator-api.js
FN:12,(anonymous_0)
FN:49,(anonymous_1)
FNF:2
FNH:0
FNDA:0,(anonymous_0)
FNDA:0,(anonymous_1)
DA:5,1
DA:12,1
DA:13,0
DA:14,0
DA:16,0
DA:17,0
DA:19,0
DA:23,0
DA:33,0
DA:34,0
DA:49,1
DA:50,0
DA:51,0
DA:53,0
DA:62,0
DA:63,0
DA:64,0
DA:65,0
DA:68,0
DA:70,0
DA:71,0
LF:21
LH:3
BRDA:24,0,0,0
BRDA:24,0,1,0
BRDA:29,1,0,0
BRDA:29,1,1,0
BRDA:49,2,0,0
BRDA:62,3,0,0
BRDA:62,3,1,0
BRDA:62,4,0,0
BRDA:62,4,1,0
BRDA:63,5,0,0
BRDA:63,5,1,0
BRDA:68,6,0,0
BRDA:68,6,1,0
BRF:13
BRH:0
end_of_record
TN:
SF:src\api\news-api.js
FN:15,(anonymous_0)
FN:50,(anonymous_1)
FN:83,(anonymous_2)
FN:93,(anonymous_3)
FN:102,(anonymous_4)
FNF:5
FNH:1
FNDA:5,(anonymous_0)
FNDA:0,(anonymous_1)
FNDA:0,(anonymous_2)
FNDA:0,(anonymous_3)
FNDA:0,(anonymous_4)
DA:15,1
DA:16,5
DA:17,5
DA:18,5
DA:20,5
DA:29,0
DA:31,0
DA:32,0
DA:34,0
DA:35,0
DA:36,0
DA:37,0
DA:40,0
DA:41,0
DA:42,0
DA:43,0
DA:46,0
DA:47,0
DA:50,0
DA:52,0
DA:53,0
DA:57,0
DA:58,0
DA:62,0
DA:63,0
DA:64,0
DA:68,0
DA:69,0
DA:73,0
DA:83,0
DA:84,0
DA:87,0
DA:90,0
DA:91,0
DA:93,0
DA:94,0
DA:95,0
DA:96,0
DA:100,0
DA:103,0
DA:105,0
DA:106,0
DA:109,0
DA:117,0
DA:118,0
DA:121,5
DA:122,5
DA:123,5
LF:48
LH:8
BRDA:15,0,0,4
BRDA:34,1,0,0
BRDA:34,1,1,0
BRDA:40,2,0,0
BRDA:40,2,1,0
BRDA:41,3,0,0
BRDA:41,3,1,0
BRDA:46,4,0,0
BRDA:46,4,1,0
BRDA:52,5,0,0
BRDA:52,5,1,0
BRDA:52,6,0,0
BRDA:52,6,1,0
BRDA:57,7,0,0
BRDA:57,7,1,0
BRDA:63,8,0,0
BRDA:63,8,1,0
BRDA:63,9,0,0
BRDA:63,9,1,0
BRDA:63,9,2,0
BRDA:68,10,0,0
BRDA:68,10,1,0
BRDA:68,11,0,0
BRDA:68,11,1,0
BRDA:83,12,0,0
BRDA:83,12,1,0
BRDA:90,13,0,0
BRDA:90,13,1,0
BRDA:93,14,0,0
BRDA:93,14,1,0
BRDA:94,15,0,0
BRDA:94,15,1,0
BRDA:94,16,0,0
BRDA:94,16,1,0
BRDA:96,17,0,0
BRDA:96,17,1,0
BRDA:96,17,2,0
BRDA:103,18,0,0
BRDA:103,18,1,0
BRDA:103,18,2,0
BRDA:105,19,0,0
BRDA:105,19,1,0
BRDA:105,20,0,0
BRDA:105,20,1,0
BRDA:110,21,0,0
BRDA:110,21,1,0
BRDA:112,22,0,0
BRDA:112,22,1,0
BRDA:113,23,0,0
BRDA:113,23,1,0
BRF:50
BRH:1
end_of_record
TN:
SF:src\api\stock-api.js
FN:15,(anonymous_0)
FN:29,(anonymous_1)
FN:59,(anonymous_2)
FN:80,(anonymous_3)
FN:94,(anonymous_4)
FNF:5
FNH:5
FNDA:5,(anonymous_0)
FNDA:3,(anonymous_1)
FNDA:3,(anonymous_2)
FNDA:3,(anonymous_3)
FNDA:3,(anonymous_4)
DA:15,1
DA:16,5
DA:17,5
DA:18,6
DA:19,6
DA:21,5
DA:29,1
DA:30,3
DA:31,3
DA:38,2
DA:40,2
DA:41,1
DA:42,1
DA:43,1
DA:46,1
DA:47,1
DA:49,2
DA:50,2
DA:59,1
DA:60,3
DA:61,3
DA:69,2
DA:71,2
DA:72,1
DA:73,1
DA:74,1
DA:77,1
DA:78,1
DA:81,3
DA:82,3
DA:83,0
DA:84,0
DA:85,0
DA:87,3
DA:92,1
DA:94,3
DA:96,1
DA:98,2
DA:99,2
LF:39
LH:36
BRDA:40,0,0,1
BRDA:40,0,1,1
BRDA:40,1,0,2
BRDA:40,1,1,2
BRDA:71,2,0,1
BRDA:71,2,1,1
BRDA:71,3,0,2
BRDA:71,3,1,2
BRDA:82,4,0,0
BRDA:82,4,1,3
BRF:10
BRH:9
end_of_record
TN:
SF:src\components\PlayerList.vue
FN:52,render
FN:53,(anonymous_1)
FN:59,(anonymous_2)
FNF:3
FNH:3
FNDA:12,render
FNDA:32,(anonymous_1)
FNDA:1,(anonymous_2)
DA:4,1
DA:7,1
DA:8,1
DA:25,1
DA:27,1
DA:30,1
DA:31,1
DA:32,1
DA:35,1
DA:38,1
DA:41,1
DA:44,1
DA:47,1
DA:51,1
DA:53,12
DA:54,32
DA:59,1
DA:65,1
LF:18
LH:18
BRDA:57,0,0,11
BRDA:57,0,1,21
BRDA:57,1,0,4
BRDA:57,1,1,28
BRDA:57,2,0,32
BRDA:57,2,1,6
BRDA:61,3,0,4
BRDA:61,3,1,2
BRF:8
BRH:8
end_of_record
TN:
SF:src\components\StockChart.vue
FN:114,render
FNF:1
FNH:1
FNDA:5,render
DA:4,1
DA:7,1
DA:96,1
DA:98,1
DA:101,1
DA:102,1
DA:103,1
DA:106,1
DA:110,1
DA:115,5
DA:116,5
DA:120,1
LF:12
LH:12
BRDA:116,0,0,4
BRDA:116,0,1,1
BRF:2
BRH:2
end_of_record
TN:
SF:src\components\StockSelector.vue
FN:242,render
FN:254,(anonymous_1)
FNF:2
FNH:2
FNDA:22,render
FNDA:1,(anonymous_1)
DA:4,1
DA:7,1
DA:224,1
DA:226,1
DA:229,1
DA:230,1
DA:231,1
DA:235,1
DA:238,1
DA:243,22
DA:254,1
DA:256,1
LF:12
LH:12
BRDA:243,0,0,21
BRDA:243,0,1,1
BRDA:251,1,0,1
BRDA:251,1,1,20
BRDA:251,2,0,2
BRDA:251,2,1,19
BRDA:251,3,0,21
BRDA:251,3,1,3
BRDA:251,3,2,2
BRDA:254,4,0,2
BRDA:254,4,1,2
BRDA:254,5,0,1
BRDA:254,5,1,1
BRF:13
BRH:13
end_of_record
TN:
SF:src\components\buttons\LeaveGameButton.vue
FN:175,render
FN:177,(anonymous_1)
FNF:2
FNH:0
FNDA:0,render
FNDA:0,(anonymous_1)
DA:4,0
DA:7,0
DA:168,0
DA:170,0
DA:173,0
DA:174,0
DA:176,0
DA:177,0
DA:182,0
LF:9
LH:0
BRDA:177,0,0,0
BRDA:177,0,1,0
BRDA:177,1,0,0
BRDA:177,1,1,0
BRDA:179,2,0,0
BRDA:179,2,1,0
BRF:6
BRH:0
end_of_record
TN:
SF:src\components\buttons\LogoutButton.vue
FN:58,render
FN:60,(anonymous_1)
FNF:2
FNH:2
FNDA:4,render
FNDA:3,(anonymous_1)
DA:4,1
DA:7,1
DA:51,1
DA:53,1
DA:56,1
DA:57,1
DA:59,4
DA:60,3
DA:63,1
LF:9
LH:9
BRDA:60,0,0,4
BRDA:60,0,1,4
BRDA:60,1,0,3
BRDA:60,1,1,3
BRF:4
BRH:4
end_of_record
TN:
SF:src\components\game\GameWinner.vue
FN:215,render
FN:226,(anonymous_1)
FN:233,(anonymous_2)
FNF:3
FNH:3
FNDA:16,render
FNDA:10,(anonymous_1)
FNDA:1,(anonymous_2)
DA:4,1
DA:7,1
DA:126,1
DA:128,1
DA:131,1
DA:132,1
DA:133,1
DA:137,1
DA:140,1
DA:143,1
DA:146,1
DA:149,1
DA:153,1
DA:156,1
DA:159,1
DA:162,1
DA:165,1
DA:168,1
DA:171,1
DA:174,1
DA:177,1
DA:180,1
DA:184,1
DA:187,1
DA:190,1
DA:193,1
DA:196,1
DA:200,1
DA:203,1
DA:206,1
DA:209,1
DA:212,1
DA:216,16
DA:227,10
DA:233,1
DA:235,1
LF:36
LH:36
BRDA:216,0,0,13
BRDA:216,0,1,3
BRDA:216,1,0,13
BRDA:216,1,1,11
BRDA:218,2,0,13
BRDA:218,2,1,11
BRDA:218,3,0,13
BRDA:218,3,1,0
BRDA:218,4,0,13
BRDA:218,4,1,11
BRDA:220,5,0,13
BRDA:220,5,1,11
BRDA:222,6,0,13
BRDA:222,6,1,11
BRDA:224,7,0,11
BRDA:224,7,1,2
BRDA:224,8,0,11
BRDA:224,8,1,9
BRDA:226,9,0,10
BRDA:226,9,1,3
BRDA:226,10,0,10
BRDA:226,10,1,8
BRDA:233,11,0,13
BRDA:233,11,1,11
BRDA:233,12,0,1
BRDA:233,12,1,1
BRF:26
BRH:25
end_of_record
TN:
SF:src\components\game\PlayerCard.vue
FN:23,(anonymous_0)
FN:52,render
FNF:2
FNH:2
FNDA:6,(anonymous_0)
FNDA:6,render
DA:4,1
DA:7,1
DA:8,1
DA:24,6
DA:28,1
DA:30,1
DA:33,1
DA:34,1
DA:35,1
DA:38,1
DA:39,1
DA:43,1
DA:46,1
DA:49,1
DA:53,6
DA:70,1
LF:16
LH:16
BRDA:57,0,0,1
BRDA:57,0,1,5
BRDA:61,1,0,5
BRDA:61,1,1,5
BRDA:69,2,0,6
BRDA:69,2,1,1
BRF:6
BRH:6
end_of_record
TN:
SF:src\components\game\PokerHUD.vue
FN:24,(anonymous_0)
FN:30,(anonymous_1)
FN:38,(anonymous_2)
FN:41,(anonymous_3)
FN:44,(anonymous_4)
FN:52,(anonymous_5)
FN:96,render
FN:119,(anonymous_7)
FN:127,(anonymous_8)
FN:134,(anonymous_9)
FN:141,(anonymous_10)
FN:147,(anonymous_11)
FN:153,(anonymous_12)
FNF:13
FNH:13
FNDA:13,(anonymous_0)
FNDA:2,(anonymous_1)
FNDA:1,(anonymous_2)
FNDA:1,(anonymous_3)
FNDA:4,(anonymous_4)
FNDA:3,(anonymous_5)
FNDA:26,render
FNDA:3,(anonymous_7)
FNDA:5,(anonymous_8)
FNDA:4,(anonymous_9)
FNDA:2,(anonymous_10)
FNDA:1,(anonymous_11)
FNDA:1,(anonymous_12)
DA:4,1
DA:7,1
DA:8,1
DA:25,13
DA:31,2
DA:32,2
DA:33,2
DA:35,0
DA:39,1
DA:42,1
DA:45,4
DA:46,4
DA:47,4
DA:48,1
DA:53,3
DA:54,3
DA:55,3
DA:56,0
DA:62,1
DA:64,1
DA:67,1
DA:68,1
DA:69,1
DA:72,1
DA:75,1
DA:78,1
DA:81,1
DA:84,1
DA:87,1
DA:88,1
DA:89,1
DA:90,1
DA:93,1
DA:94,1
DA:95,1
DA:97,26
DA:119,3
DA:127,5
DA:134,4
DA:141,2
DA:147,1
DA:153,1
DA:158,1
LF:43
LH:41
BRDA:31,0,0,2
BRDA:31,0,1,0
BRDA:31,1,0,2
BRDA:31,1,1,2
BRDA:45,2,0,4
BRDA:45,2,1,0
BRDA:47,3,0,1
BRDA:47,3,1,3
BRDA:53,4,0,3
BRDA:53,4,1,0
BRDA:55,5,0,0
BRDA:55,5,1,3
BRDA:102,6,0,26
BRDA:102,6,1,13
BRDA:104,7,0,26
BRDA:104,7,1,13
BRDA:109,8,0,26
BRDA:109,8,1,13
BRDA:114,9,0,26
BRDA:114,9,1,13
BRDA:119,10,0,26
BRDA:119,10,1,13
BRDA:119,11,0,3
BRDA:119,11,1,3
BRDA:122,12,0,26
BRDA:122,12,1,13
BRDA:127,13,0,26
BRDA:127,13,1,13
BRDA:134,14,0,26
BRDA:134,14,1,13
BRDA:134,15,0,4
BRDA:134,15,1,4
BRDA:137,16,0,26
BRDA:137,16,1,13
BRDA:140,17,0,26
BRDA:140,17,1,24
BRDA:141,18,0,26
BRDA:141,18,1,13
BRDA:141,19,0,2
BRDA:141,19,1,2
BRDA:143,20,0,26
BRDA:143,20,1,13
BRDA:146,21,0,26
BRDA:146,21,1,24
BRDA:147,22,0,26
BRDA:147,22,1,13
BRDA:147,23,0,1
BRDA:147,23,1,1
BRDA:149,24,0,26
BRDA:149,24,1,13
BRDA:152,25,0,26
BRDA:152,25,1,24
BRDA:153,26,0,26
BRDA:153,26,1,13
BRDA:153,27,0,1
BRDA:153,27,1,1
BRDA:155,28,0,26
BRDA:155,28,1,13
BRF:58
BRH:54
end_of_record
TN:
SF:src\components\game\PokerTable.vue
FN:179,render
FN:183,(anonymous_1)
FN:190,(anonymous_2)
FN:195,(anonymous_3)
FNF:4
FNH:4
FNDA:8,render
FNDA:24,(anonymous_1)
FNDA:24,(anonymous_2)
FNDA:24,(anonymous_3)
DA:4,1
DA:5,1
DA:8,1
DA:159,1
DA:161,1
DA:164,1
DA:165,1
DA:166,1
DA:169,1
DA:172,1
DA:176,1
DA:180,8
DA:181,8
DA:184,24
DA:191,24
DA:196,24
DA:213,1
LF:17
LH:17
BRDA:181,0,0,8
BRDA:181,0,1,8
BRDA:195,1,0,16
BRDA:195,1,1,8
BRDA:203,2,0,8
BRDA:203,2,1,0
BRDA:205,3,0,8
BRDA:205,3,1,8
BRDA:209,4,0,0
BRDA:209,4,1,0
BRF:10
BRH:7
end_of_record
TN:
SF:src\components\game\PredictionResult.vue
FN:25,(anonymous_0)
FN:29,(anonymous_1)
FN:33,(anonymous_2)
FN:45,(anonymous_3)
FN:49,(anonymous_4)
FN:51,(anonymous_5)
FN:59,(anonymous_6)
FN:62,(anonymous_7)
FN:66,(anonymous_8)
FN:74,(anonymous_9)
FN:82,(anonymous_10)
FN:141,render
FN:142,(anonymous_12)
FN:152,(anonymous_13)
FNF:14
FNH:11
FNDA:0,(anonymous_0)
FNDA:0,(anonymous_1)
FNDA:0,(anonymous_2)
FNDA:10,(anonymous_3)
FNDA:10,(anonymous_4)
FNDA:40,(anonymous_5)
FNDA:69,(anonymous_6)
FNDA:30,(anonymous_7)
FNDA:26,(anonymous_8)
FNDA:45,(anonymous_9)
FNDA:1,(anonymous_10)
FNDA:11,render
FNDA:30,(anonymous_12)
FNDA:1,(anonymous_13)
DA:4,1
DA:7,1
DA:8,1
DA:25,0
DA:29,0
DA:33,0
DA:47,10
DA:51,10
DA:52,40
DA:53,40
DA:54,40
DA:60,69
DA:63,30
DA:64,30
DA:67,26
DA:68,26
DA:69,1
DA:71,25
DA:72,25
DA:75,45
DA:76,45
DA:77,1
DA:79,44
DA:80,44
DA:83,1
DA:87,1
DA:89,1
DA:92,1
DA:93,1
DA:94,1
DA:98,1
DA:101,1
DA:104,1
DA:107,1
DA:110,1
DA:113,1
DA:116,1
DA:119,1
DA:123,1
DA:127,1
DA:130,1
DA:134,1
DA:138,1
DA:142,11
DA:143,30
DA:152,1
DA:155,1
LF:47
LH:44
BRDA:47,0,0,10
BRDA:47,0,1,0
BRDA:47,1,0,10
BRDA:47,1,1,10
BRDA:47,1,2,10
BRDA:54,2,0,40
BRDA:54,2,1,30
BRDA:60,3,0,69
BRDA:60,3,1,0
BRDA:68,4,0,1
BRDA:68,4,1,25
BRDA:68,5,0,26
BRDA:68,5,1,26
BRDA:68,5,2,26
BRDA:72,6,0,25
BRDA:72,6,1,1
BRDA:76,7,0,1
BRDA:76,7,1,44
BRDA:76,8,0,45
BRDA:76,8,1,45
BRDA:76,8,2,45
BRDA:142,9,0,10
BRDA:142,9,1,1
BRDA:142,10,0,10
BRDA:142,10,1,10
BRDA:142,11,0,10
BRDA:142,11,1,10
BRDA:142,12,0,10
BRDA:142,12,1,10
BRDA:148,13,0,9
BRDA:148,13,1,21
BRDA:149,14,0,9
BRDA:149,14,1,1
BRDA:149,15,0,9
BRDA:149,15,1,9
BRDA:151,16,0,1
BRDA:151,16,1,1
BRDA:152,17,0,10
BRDA:152,17,1,10
BRDA:152,18,0,1
BRDA:152,18,1,1
BRF:41
BRH:39
end_of_record
TN:
SF:src\components\game\RoundWinner.vue
FN:33,(anonymous_0)
FN:38,(anonymous_1)
FN:81,render
FN:85,(anonymous_3)
FNF:4
FNH:4
FNDA:5,(anonymous_0)
FNDA:1,(anonymous_1)
FNDA:6,render
FNDA:1,(anonymous_3)
DA:4,1
DA:7,1
DA:8,1
DA:34,5
DA:39,1
DA:43,1
DA:45,1
DA:48,1
DA:49,1
DA:50,1
DA:54,1
DA:57,1
DA:60,1
DA:63,1
DA:66,1
DA:69,1
DA:72,1
DA:75,1
DA:78,1
DA:82,6
DA:85,1
DA:88,1
LF:22
LH:22
BRDA:82,0,0,5
BRDA:82,0,1,1
BRDA:82,1,0,5
BRDA:82,1,1,5
BRDA:84,2,0,5
BRDA:84,2,1,1
BRDA:84,3,0,5
BRDA:84,3,1,5
BRDA:84,4,0,5
BRDA:84,4,1,5
BRDA:85,5,0,5
BRDA:85,5,1,5
BRDA:85,6,0,1
BRDA:85,6,1,1
BRDA:87,7,0,1
BRDA:87,7,1,4
BRF:16
BRH:16
end_of_record
TN:
SF:src\components\game\StockPrediction.vue
FN:136,render
FN:149,(anonymous_1)
FN:152,(anonymous_2)
FNF:3
FNH:3
FNDA:18,render
FNDA:4,(anonymous_1)
FNDA:4,(anonymous_2)
DA:4,1
DA:5,1
DA:8,1
DA:89,1
DA:91,1
DA:94,1
DA:95,1
DA:96,1
DA:100,1
DA:103,1
DA:107,1
DA:110,1
DA:113,1
DA:116,1
DA:119,1
DA:122,1
DA:125,1
DA:128,1
DA:132,1
DA:137,18
DA:138,18
DA:149,4
DA:152,4
DA:154,1
LF:24
LH:24
BRDA:138,0,0,16
BRDA:138,0,1,2
BRDA:138,1,0,16
BRDA:138,1,1,8
BRDA:140,2,0,16
BRDA:140,2,1,0
BRDA:140,3,0,16
BRDA:140,3,1,8
BRDA:140,4,0,16
BRDA:140,4,1,8
BRDA:142,5,0,16
BRDA:142,5,1,8
BRDA:144,6,0,16
BRDA:144,6,1,0
BRDA:147,7,0,13
BRDA:147,7,1,3
BRDA:149,8,0,13
BRDA:149,8,1,8
BRDA:152,9,0,13
BRDA:152,9,1,8
BRDA:152,10,0,4
BRDA:152,10,1,4
BRF:22
BRH:20
end_of_record
TN:
SF:src\components\game\hint\CurrentPriceHint.vue
FN:119,render
FNF:1
FNH:1
FNDA:10,render
DA:4,1
DA:7,1
DA:91,1
DA:93,1
DA:96,1
DA:97,1
DA:98,1
DA:101,1
DA:104,1
DA:107,1
DA:110,1
DA:113,1
DA:116,1
DA:120,10
DA:127,1
LF:15
LH:15
BRDA:120,0,0,7
BRDA:120,0,1,3
BRDA:120,1,0,7
BRDA:120,1,1,7
BRDA:122,2,0,7
BRDA:122,2,1,7
BRDA:124,3,0,7
BRDA:124,3,1,7
BRF:8
BRH:8
end_of_record
TN:
SF:src\components\game\hint\StockNewsHint.vue
FN:135,render
FN:138,(anonymous_1)
FNF:2
FNH:2
FNDA:12,render
FNDA:7,(anonymous_1)
DA:4,1
DA:7,1
DA:88,1
DA:90,1
DA:93,1
DA:94,1
DA:95,1
DA:98,1
DA:101,1
DA:104,1
DA:107,1
DA:110,1
DA:113,1
DA:117,1
DA:121,1
DA:124,1
DA:128,1
DA:131,1
DA:136,12
DA:139,7
DA:144,1
LF:21
LH:21
BRDA:136,0,0,8
BRDA:136,0,1,4
BRDA:136,1,0,8
BRDA:136,1,1,8
BRDA:138,2,0,6
BRDA:138,2,1,2
BRDA:138,3,0,8
BRDA:138,3,1,8
BRDA:142,4,0,7
BRDA:142,4,1,0
BRDA:142,5,0,7
BRDA:142,5,1,0
BRDA:143,6,0,2
BRDA:143,6,1,2
BRF:14
BRH:12
end_of_record
TN:
SF:src\components\game\hint\TechnicalIndicatorsHint.vue
FN:217,render
FNF:1
FNH:1
FNDA:31,render
DA:4,1
DA:7,1
DA:165,1
DA:167,1
DA:170,1
DA:171,1
DA:172,1
DA:175,1
DA:178,1
DA:181,1
DA:184,1
DA:188,1
DA:191,1
DA:195,1
DA:198,1
DA:201,1
DA:204,1
DA:207,1
DA:210,1
DA:213,1
DA:218,31
DA:238,1
LF:22
LH:22
BRDA:218,0,0,28
BRDA:218,0,1,3
BRDA:218,1,0,28
BRDA:218,1,1,16
BRDA:220,2,0,28
BRDA:220,2,1,0
BRDA:220,3,0,13
BRDA:220,3,1,15
BRDA:220,4,0,28
BRDA:220,4,1,13
BRDA:220,4,2,13
BRDA:220,5,0,13
BRDA:220,5,1,13
BRDA:222,6,0,13
BRDA:222,6,1,13
BRDA:224,7,0,13
BRDA:224,7,1,13
BRDA:231,8,0,13
BRDA:231,8,1,13
BRDA:233,9,0,13
BRDA:233,9,1,13
BRDA:235,10,0,13
BRDA:235,10,1,13
BRDA:237,11,0,13
BRDA:237,11,1,13
BRDA:237,12,0,15
BRDA:237,12,1,15
BRF:27
BRH:26
end_of_record
TN:
SF:src\components\game\hint\mini\MiniChart.vue
FN:92,render
FN:100,(anonymous_1)
FNF:2
FNH:2
FNDA:6,render
FNDA:1,(anonymous_1)
DA:4,1
DA:5,1
DA:8,1
DA:82,1
DA:84,1
DA:87,1
DA:88,1
DA:89,1
DA:93,6
DA:94,6
DA:100,1
DA:104,1
LF:12
LH:12
BRDA:100,0,0,6
BRDA:100,0,1,6
BRDA:100,1,0,1
BRDA:100,1,1,1
BRDA:101,2,0,3
BRDA:101,2,1,3
BRF:6
BRH:6
end_of_record
TN:
SF:src\components\game\hint\mini\MiniIndicator.vue
FN:141,render
FN:148,(anonymous_1)
FNF:2
FNH:2
FNDA:21,render
FNDA:1,(anonymous_1)
DA:4,1
DA:7,1
DA:119,1
DA:121,1
DA:124,1
DA:125,1
DA:126,1
DA:129,1
DA:133,1
DA:137,1
DA:142,21
DA:148,1
DA:160,1
LF:13
LH:13
BRDA:148,0,0,21
BRDA:148,0,1,13
BRDA:148,1,0,1
BRDA:148,1,1,1
BRDA:149,2,0,21
BRDA:149,2,1,13
BRDA:150,3,0,14
BRDA:150,3,1,7
BRDA:151,4,0,14
BRDA:151,4,1,7
BRDA:151,5,0,13
BRDA:151,5,1,1
BRDA:151,6,0,13
BRDA:151,6,1,7
BRDA:155,7,0,13
BRDA:155,7,1,1
BRDA:155,8,0,13
BRDA:155,8,1,7
BRF:18
BRH:18
end_of_record
TN:
SF:src\components\game\hint\mini\MiniNews.vue
FN:85,render
FN:92,(anonymous_1)
FN:93,(anonymous_2)
FNF:3
FNH:3
FNDA:8,render
FNDA:1,(anonymous_1)
FNDA:12,(anonymous_2)
DA:4,1
DA:7,1
DA:64,1
DA:66,1
DA:69,1
DA:70,1
DA:71,1
DA:74,1
DA:78,1
DA:81,1
DA:86,8
DA:92,1
DA:94,12
DA:99,1
LF:14
LH:14
BRDA:92,0,0,8
BRDA:92,0,1,8
BRDA:92,1,0,1
BRDA:92,1,1,1
BRDA:93,2,0,5
BRDA:93,2,1,3
BRDA:93,3,0,6
BRDA:93,3,1,2
BRDA:98,4,0,2
BRDA:98,4,1,2
BRF:10
BRH:10
end_of_record
TN:
SF:src\components\game\hint\mini\MiniPrice.vue
FN:49,render
FNF:1
FNH:1
FNDA:4,render
DA:4,1
DA:7,1
DA:35,1
DA:37,1
DA:40,1
DA:41,1
DA:42,1
DA:46,1
DA:50,4
DA:53,1
LF:10
LH:10
BRDA:50,0,0,3
BRDA:50,0,1,1
BRDA:50,1,0,3
BRDA:50,1,1,3
BRF:4
BRH:4
end_of_record
TN:
SF:src\config\api.js
FNF:0
FNH:0
DA:8,1
DA:14,1
DA:20,1
DA:26,1
LF:4
LH:4
BRF:0
BRH:0
end_of_record
TN:
SF:src\services\database.js
FN:5,(anonymous_0)
FN:15,(anonymous_1)
FN:31,(anonymous_2)
FN:41,(anonymous_3)
FNF:4
FNH:4
FNDA:2,(anonymous_0)
FNDA:3,(anonymous_1)
FNDA:2,(anonymous_2)
FNDA:2,(anonymous_3)
DA:5,1
DA:6,2
DA:7,2
DA:8,1
DA:10,1
DA:15,1
DA:16,3
DA:17,3
DA:18,2
DA:19,1
DA:21,1
DA:22,1
DA:25,1
DA:26,1
DA:31,1
DA:32,2
DA:33,2
DA:34,1
DA:36,1
DA:41,1
DA:42,2
DA:43,2
DA:44,1
DA:46,1
LF:24
LH:24
BRDA:18,0,0,1
BRDA:18,0,1,1
BRF:2
BRH:2
end_of_record
TN:
SF:src\services\game-database.js
FN:13,(anonymous_0)
FN:25,(anonymous_1)
FN:43,(anonymous_2)
FN:55,(anonymous_3)
FN:74,(anonymous_4)
FN:76,(anonymous_5)
FN:80,(anonymous_6)
FN:86,(anonymous_7)
FN:104,(anonymous_8)
FN:111,(anonymous_9)
FN:117,(anonymous_10)
FN:125,(anonymous_11)
FN:135,(anonymous_12)
FN:149,(anonymous_13)
FN:159,(anonymous_14)
FN:172,(anonymous_15)
FN:183,(anonymous_16)
FN:196,(anonymous_17)
FN:206,(anonymous_18)
FN:223,(anonymous_19)
FNF:20
FNH:0
FNDA:0,(anonymous_0)
FNDA:0,(anonymous_1)
FNDA:0,(anonymous_2)
FNDA:0,(anonymous_3)
FNDA:0,(anonymous_4)
FNDA:0,(anonymous_5)
FNDA:0,(anonymous_6)
FNDA:0,(anonymous_7)
FNDA:0,(anonymous_8)
FNDA:0,(anonymous_9)
FNDA:0,(anonymous_10)
FNDA:0,(anonymous_11)
FNDA:0,(anonymous_12)
FNDA:0,(anonymous_13)
FNDA:0,(anonymous_14)
FNDA:0,(anonymous_15)
FNDA:0,(anonymous_16)
FNDA:0,(anonymous_17)
FNDA:0,(anonymous_18)
FNDA:0,(anonymous_19)
DA:13,0
DA:14,0
DA:15,0
DA:16,0
DA:18,0
DA:25,0
DA:26,0
DA:27,0
DA:28,0
DA:29,0
DA:31,0
DA:32,0
DA:35,0
DA:36,0
DA:43,0
DA:44,0
DA:45,0
DA:46,0
DA:48,0
DA:55,0
DA:56,0
DA:57,0
DA:58,0
DA:60,0
DA:74,0
DA:75,0
DA:76,0
DA:77,0
DA:80,0
DA:86,0
DA:87,0
DA:88,0
DA:98,0
DA:104,0
DA:105,0
DA:111,0
DA:112,0
DA:117,0
DA:118,0
DA:125,0
DA:126,0
DA:135,0
DA:136,0
DA:137,0
DA:138,0
DA:140,0
DA:141,0
DA:149,0
DA:150,0
DA:159,0
DA:160,0
DA:161,0
DA:162,0
DA:164,0
DA:165,0
DA:172,0
DA:173,0
DA:174,0
DA:183,0
DA:184,0
DA:185,0
DA:186,0
DA:188,0
DA:189,0
DA:196,0
DA:197,0
DA:198,0
DA:200,0
DA:201,0
DA:202,0
DA:203,0
DA:206,0
DA:207,0
DA:208,0
DA:210,0
DA:213,0
DA:214,0
DA:216,0
DA:223,0
DA:224,0
DA:225,0
LF:81
LH:0
BRDA:28,0,0,0
BRDA:28,0,1,0
BRDA:86,1,0,0
BRDA:89,2,0,0
BRDA:89,2,1,0
BRDA:90,3,0,0
BRDA:90,3,1,0
BRDA:91,4,0,0
BRDA:91,4,1,0
BRDA:92,5,0,0
BRDA:92,5,1,0
BRDA:96,6,0,0
BRDA:96,6,1,0
BRDA:138,7,0,0
BRDA:138,7,1,0
BRDA:201,8,0,0
BRDA:201,8,1,0
BRDA:207,9,0,0
BRDA:207,9,1,0
BRF:19
BRH:0
end_of_record
TN:
SF:src\services\game-store.js
FN:23,(anonymous_0)
FN:51,(anonymous_1)
FN:58,(anonymous_2)
FN:60,(anonymous_3)
FN:103,(anonymous_4)
FN:104,(anonymous_5)
FN:111,(anonymous_6)
FN:118,(anonymous_7)
FN:159,(anonymous_8)
FN:176,(anonymous_9)
FN:179,(anonymous_10)
FN:192,(anonymous_11)
FN:205,(anonymous_12)
FN:215,(anonymous_13)
FN:263,(anonymous_14)
FN:296,(anonymous_15)
FN:316,(anonymous_16)
FN:325,(anonymous_17)
FN:336,(anonymous_18)
FN:369,(anonymous_19)
FN:375,(anonymous_20)
FN:388,(anonymous_21)
FN:412,(anonymous_22)
FN:422,(anonymous_23)
FN:425,(anonymous_24)
FN:439,(anonymous_25)
FN:456,(anonymous_26)
FN:463,(anonymous_27)
FNF:28
FNH:28
FNDA:44,(anonymous_0)
FNDA:3,(anonymous_1)
FNDA:3,(anonymous_2)
FNDA:2,(anonymous_3)
FNDA:1,(anonymous_4)
FNDA:2,(anonymous_5)
FNDA:1,(anonymous_6)
FNDA:3,(anonymous_7)
FNDA:2,(anonymous_8)
FNDA:5,(anonymous_9)
FNDA:5,(anonymous_10)
FNDA:6,(anonymous_11)
FNDA:7,(anonymous_12)
FNDA:7,(anonymous_13)
FNDA:6,(anonymous_14)
FNDA:2,(anonymous_15)
FNDA:4,(anonymous_16)
FNDA:6,(anonymous_17)
FNDA:2,(anonymous_18)
FNDA:4,(anonymous_19)
FNDA:4,(anonymous_20)
FNDA:5,(anonymous_21)
FNDA:2,(anonymous_22)
FNDA:3,(anonymous_23)
FNDA:3,(anonymous_24)
FNDA:2,(anonymous_25)
FNDA:2,(anonymous_26)
FNDA:1,(anonymous_27)
DA:22,1
DA:23,44
DA:51,3
DA:59,3
DA:60,3
DA:61,2
DA:62,1
DA:63,1
DA:65,1
DA:68,1
DA:69,1
DA:70,1
DA:71,1
DA:73,1
DA:75,1
DA:76,1
DA:77,1
DA:81,1
DA:84,1
DA:87,1
DA:88,1
DA:91,1
DA:92,1
DA:94,0
DA:97,3
DA:104,2
DA:105,1
DA:112,1
DA:119,3
DA:121,2
DA:122,2
DA:125,2
DA:127,2
DA:128,1
DA:131,1
DA:132,1
DA:133,1
DA:134,1
DA:137,1
DA:140,1
DA:146,2
DA:147,2
DA:150,2
DA:151,2
DA:152,2
DA:153,2
DA:154,2
DA:155,2
DA:156,2
DA:160,2
DA:162,2
DA:163,2
DA:164,1
DA:166,2
DA:168,0
DA:169,0
DA:177,5
DA:179,5
DA:180,4
DA:181,1
DA:182,1
DA:185,3
DA:188,3
DA:189,3
DA:192,6
DA:193,3
DA:194,1
DA:195,1
DA:197,2
DA:206,7
DA:209,7
DA:210,1
DA:211,1
DA:212,1
DA:215,7
DA:216,6
DA:217,0
DA:218,0
DA:222,6
DA:223,6
DA:224,1
DA:225,1
DA:229,5
DA:231,5
DA:232,1
DA:233,1
DA:237,4
DA:238,4
DA:241,4
DA:242,1
DA:243,1
DA:247,3
DA:250,3
DA:252,3
DA:254,3
DA:257,3
DA:260,3
DA:263,3
DA:264,6
DA:265,3
DA:267,3
DA:271,3
DA:272,3
DA:273,3
DA:277,3
DA:278,3
DA:280,3
DA:281,3
DA:282,1
DA:283,1
DA:285,2
DA:288,0
DA:289,0
DA:297,2
DA:300,2
DA:301,1
DA:302,1
DA:303,1
DA:306,1
DA:307,1
DA:308,1
DA:309,1
DA:317,4
DA:320,4
DA:321,1
DA:322,1
DA:325,6
DA:328,3
DA:329,1
DA:330,1
DA:332,1
DA:333,1
DA:336,1
DA:337,2
DA:338,1
DA:340,1
DA:344,1
DA:345,1
DA:347,1
DA:350,1
DA:356,1
DA:357,1
DA:360,1
DA:361,1
DA:362,1
DA:363,1
DA:365,1
DA:368,2
DA:370,4
DA:371,4
DA:375,4
DA:377,2
DA:378,1
DA:379,1
DA:382,1
DA:389,5
DA:391,4
DA:392,4
DA:393,4
DA:396,4
DA:397,7
DA:398,7
DA:399,7
DA:400,0
DA:404,4
DA:406,4
DA:413,2
DA:414,1
DA:423,3
DA:425,3
DA:426,2
DA:427,1
DA:428,1
DA:432,1
DA:434,1
DA:436,1
DA:439,1
DA:440,2
DA:441,1
DA:443,1
DA:446,1
DA:448,0
DA:449,0
DA:457,2
DA:458,1
DA:459,1
DA:464,1
DA:465,1
LF:188
LH:178
BRDA:61,0,0,1
BRDA:61,0,1,1
BRDA:69,1,0,1
BRDA:69,1,1,0
BRDA:69,1,2,0
BRDA:70,2,0,1
BRDA:70,2,1,1
BRDA:70,2,2,1
BRDA:70,2,3,0
BRDA:70,2,4,0
BRDA:71,3,0,1
BRDA:71,3,1,0
BRDA:73,4,0,1
BRDA:73,4,1,0
BRDA:75,5,0,1
BRDA:75,5,1,0
BRDA:76,6,0,1
BRDA:76,6,1,0
BRDA:81,7,0,1
BRDA:81,7,1,0
BRDA:81,8,0,1
BRDA:81,8,1,1
BRDA:81,8,2,1
BRDA:87,9,0,1
BRDA:87,9,1,0
BRDA:88,10,0,1
BRDA:88,10,1,0
BRDA:88,11,0,1
BRDA:88,11,1,1
BRDA:91,12,0,1
BRDA:91,12,1,0
BRDA:111,13,0,0
BRDA:119,14,0,1
BRDA:119,14,1,2
BRDA:127,15,0,1
BRDA:127,15,1,1
BRDA:160,16,0,0
BRDA:160,16,1,2
BRDA:163,17,0,1
BRDA:163,17,1,1
BRDA:177,18,0,1
BRDA:177,18,1,4
BRDA:180,19,0,1
BRDA:180,19,1,3
BRDA:193,20,0,1
BRDA:193,20,1,2
BRDA:193,21,0,3
BRDA:193,21,1,3
BRDA:206,22,0,0
BRDA:206,22,1,7
BRDA:209,23,0,1
BRDA:209,23,1,6
BRDA:209,24,0,7
BRDA:209,24,1,1
BRDA:209,24,2,1
BRDA:209,24,3,1
BRDA:216,25,0,0
BRDA:216,25,1,6
BRDA:223,26,0,1
BRDA:223,26,1,5
BRDA:231,27,0,1
BRDA:231,27,1,4
BRDA:241,28,0,1
BRDA:241,28,1,3
BRDA:241,29,0,4
BRDA:241,29,1,1
BRDA:264,30,0,3
BRDA:264,30,1,3
BRDA:271,31,0,3
BRDA:271,31,1,0
BRDA:281,32,0,1
BRDA:281,32,1,2
BRDA:297,33,0,0
BRDA:297,33,1,2
BRDA:300,34,0,1
BRDA:300,34,1,1
BRDA:300,35,0,2
BRDA:300,35,1,1
BRDA:300,35,2,1
BRDA:300,35,3,1
BRDA:320,36,0,1
BRDA:320,36,1,3
BRDA:320,37,0,4
BRDA:320,37,1,1
BRDA:320,37,2,1
BRDA:320,37,3,1
BRDA:328,38,0,1
BRDA:328,38,1,2
BRDA:337,39,0,1
BRDA:337,39,1,1
BRDA:377,40,0,1
BRDA:377,40,1,1
BRDA:389,41,0,1
BRDA:389,41,1,4
BRDA:399,42,0,0
BRDA:399,42,1,7
BRDA:413,43,0,1
BRDA:413,43,1,1
BRDA:423,44,0,1
BRDA:423,44,1,2
BRDA:426,45,0,1
BRDA:426,45,1,1
BRDA:440,46,0,1
BRDA:440,46,1,1
BRDA:457,47,0,1
BRDA:457,47,1,1
BRF:106
BRH:87
end_of_record
TN:
SF:src\utils\errorUtils.js
FN:12,(anonymous_0)
FN:51,(anonymous_1)
FN:64,(anonymous_2)
FNF:3
FNH:3
FNDA:6,(anonymous_0)
FNDA:2,(anonymous_1)
FNDA:6,(anonymous_2)
DA:12,1
DA:13,6
DA:16,6
DA:17,3
DA:27,3
DA:28,1
DA:37,2
DA:51,1
DA:52,2
DA:53,2
DA:64,1
DA:65,6
DA:67,4
DA:68,1
DA:71,3
DA:72,1
DA:75,2
LF:17
LH:17
BRDA:12,0,0,2
BRDA:16,1,0,3
BRDA:16,1,1,3
BRDA:20,2,0,3
BRDA:20,2,1,1
BRDA:27,3,0,1
BRDA:27,3,1,2
BRDA:38,4,0,2
BRDA:38,4,1,1
BRDA:39,5,0,2
BRDA:39,5,1,1
BRDA:40,6,0,2
BRDA:40,6,1,1
BRDA:51,7,0,0
BRDA:52,8,0,1
BRDA:52,8,1,1
BRDA:64,9,0,4
BRDA:65,10,0,2
BRDA:65,10,1,4
BRDA:67,11,0,1
BRDA:67,11,1,3
BRDA:67,12,0,4
BRDA:67,12,1,1
BRDA:67,12,2,1
BRDA:71,13,0,1
BRDA:71,13,1,2
BRDA:71,14,0,3
BRDA:71,14,1,2
BRF:28
BRH:27
end_of_record
TN:
SF:src\utils\popupEventBus.js
FN:8,(anonymous_0)
FN:17,(anonymous_1)
FN:26,(anonymous_2)
FN:31,(anonymous_3)
FN:37,(anonymous_4)
FN:46,(anonymous_5)
FN:50,(anonymous_6)
FNF:7
FNH:7
FNDA:7,(anonymous_0)
FNDA:3,(anonymous_1)
FNDA:2,(anonymous_2)
FNDA:6,(anonymous_3)
FNDA:2,(anonymous_4)
FNDA:2,(anonymous_5)
FNDA:2,(anonymous_6)
DA:4,1
DA:9,7
DA:10,7
DA:11,6
DA:12,6
DA:14,1
DA:18,3
DA:19,3
DA:20,2
DA:21,2
DA:23,1
DA:27,2
DA:32,6
DA:33,6
DA:34,6
DA:38,2
DA:39,2
DA:40,1
DA:41,1
DA:43,1
DA:47,2
DA:51,2
LF:22
LH:22
BRDA:10,0,0,6
BRDA:10,0,1,1
BRDA:19,1,0,2
BRDA:19,1,1,1
BRDA:39,2,0,1
BRDA:39,2,1,1
BRF:6
BRH:6
end_of_record
TN:
SF:src\utils\stock-list.js
FNF:0
FNH:0
DA:5,0
DA:53,0
LF:2
LH:0
BRF:0
BRH:0
end_of_record
TN:
SF:src\utils\stockDataUtils.js
FN:1,(anonymous_0)
FN:12,(anonymous_1)
FN:45,(anonymous_2)
FNF:3
FNH:3
FNDA:5,(anonymous_0)
FNDA:3,(anonymous_1)
FNDA:3,(anonymous_2)
DA:1,1
DA:2,5
DA:3,1
DA:4,1
DA:5,1
DA:12,3
DA:45,3
LF:7
LH:7
BRDA:2,0,0,4
BRDA:2,0,1,1
BRDA:2,1,0,5
BRDA:2,1,1,2
BRDA:12,2,0,0
BRDA:39,3,0,2
BRDA:39,3,1,1
BRDA:43,4,0,2
BRDA:43,4,1,1
BRDA:51,5,0,2
BRDA:51,5,1,1
BRF:11
BRH:10
end_of_record
TN:
SF:src\utils\timerUtils.js
FN:12,(anonymous_0)
FN:16,(anonymous_1)
FN:22,(anonymous_2)
FN:33,(anonymous_3)
FN:40,(anonymous_4)
FN:50,(anonymous_5)
FN:53,(anonymous_6)
FNF:7
FNH:7
FNDA:8,(anonymous_0)
FNDA:8,(anonymous_1)
FNDA:8,(anonymous_2)
FNDA:6,(anonymous_3)
FNDA:2,(anonymous_4)
FNDA:6,(anonymous_5)
FNDA:7,(anonymous_6)
DA:12,1
DA:13,8
DA:14,8
DA:16,8
DA:17,8
DA:19,7
DA:20,7
DA:22,7
DA:23,8
DA:24,8
DA:26,8
DA:27,2
DA:28,2
DA:33,8
DA:34,6
DA:35,4
DA:36,4
DA:40,8
DA:41,2
DA:42,2
DA:43,2
DA:46,8
DA:51,6
DA:54,7
LF:24
LH:24
BRDA:17,0,0,1
BRDA:17,0,1,7
BRDA:20,1,0,7
BRDA:20,1,1,5
BRDA:24,2,0,8
BRDA:24,2,1,6
BRDA:26,3,0,2
BRDA:26,3,1,6
BRDA:28,4,0,2
BRDA:28,4,1,1
BRDA:34,5,0,4
BRDA:34,5,1,2
BRDA:43,6,0,2
BRDA:43,6,1,1
BRF:14
BRH:14
end_of_record
TN:
SF:src\views\GameView.vue
FN:645,render
FNF:1
FNH:0
FNDA:0,render
DA:4,0
DA:5,0
DA:8,0
DA:609,0
DA:611,0
DA:614,0
DA:615,0
DA:616,0
DA:619,0
DA:622,0
DA:625,0
DA:628,0
DA:631,0
DA:634,0
DA:638,0
DA:641,0
DA:646,0
DA:647,0
DA:648,0
DA:649,0
DA:650,0
DA:651,0
DA:652,0
DA:653,0
DA:654,0
DA:655,0
DA:656,0
DA:657,0
DA:658,0
DA:659,0
DA:741,0
LF:31
LH:0
BRDA:659,0,0,0
BRDA:659,0,1,0
BRDA:659,1,0,0
BRDA:659,1,1,0
BRDA:663,2,0,0
BRDA:663,2,1,0
BRDA:663,3,0,0
BRDA:663,3,1,0
BRDA:667,4,0,0
BRDA:667,4,1,0
BRDA:667,5,0,0
BRDA:667,5,1,0
BRDA:672,6,0,0
BRDA:672,6,1,0
BRDA:672,7,0,0
BRDA:672,7,1,0
BRDA:676,8,0,0
BRDA:676,8,1,0
BRDA:678,9,0,0
BRDA:678,9,1,0
BRDA:678,10,0,0
BRDA:678,10,1,0
BRDA:680,11,0,0
BRDA:680,11,1,0
BRDA:680,12,0,0
BRDA:680,12,1,0
BRDA:687,13,0,0
BRDA:687,13,1,0
BRDA:694,14,0,0
BRDA:694,14,1,0
BRDA:708,15,0,0
BRDA:708,15,1,0
BRDA:714,16,0,0
BRDA:714,16,1,0
BRDA:720,17,0,0
BRDA:720,17,1,0
BRDA:726,18,0,0
BRDA:726,18,1,0
BRDA:734,19,0,0
BRDA:734,19,1,0
BRDA:734,20,0,0
BRDA:734,20,1,0
BRF:42
BRH:0
end_of_record
TN:
SF:src\views\HomeView.vue
FN:265,render
FN:274,(anonymous_1)
FN:277,(anonymous_2)
FN:283,(anonymous_3)
FN:286,(anonymous_4)
FN:295,(anonymous_5)
FN:298,(anonymous_6)
FN:303,(anonymous_7)
FN:307,(anonymous_8)
FN:311,(anonymous_9)
FN:314,(anonymous_10)
FNF:11
FNH:10
FNDA:46,render
FNDA:1,(anonymous_1)
FNDA:5,(anonymous_2)
FNDA:1,(anonymous_3)
FNDA:1,(anonymous_4)
FNDA:0,(anonymous_5)
FNDA:60,(anonymous_6)
FNDA:1,(anonymous_7)
FNDA:3,(anonymous_8)
FNDA:2,(anonymous_9)
FNDA:1,(anonymous_10)
DA:4,1
DA:5,1
DA:8,1
DA:215,1
DA:217,1
DA:220,1
DA:221,1
DA:222,1
DA:225,1
DA:228,1
DA:231,1
DA:234,1
DA:237,1
DA:241,1
DA:244,1
DA:247,1
DA:250,1
DA:251,1
DA:255,1
DA:259,1
DA:262,1
DA:266,46
DA:267,46
DA:274,1
DA:277,5
DA:283,1
DA:286,1
DA:295,0
DA:299,60
DA:303,1
DA:307,3
DA:311,2
DA:314,1
DA:317,1
LF:34
LH:33
BRDA:267,0,0,46
BRDA:267,0,1,16
BRDA:269,1,0,46
BRDA:269,1,1,16
BRDA:274,2,0,46
BRDA:274,2,1,16
BRDA:274,3,0,1
BRDA:274,3,1,1
BRDA:277,4,0,46
BRDA:277,4,1,16
BRDA:277,5,0,5
BRDA:277,5,1,5
BRDA:283,6,0,46
BRDA:283,6,1,16
BRDA:286,7,0,46
BRDA:286,7,1,16
BRDA:295,8,0,46
BRDA:295,8,1,16
BRDA:296,9,0,46
BRDA:296,9,1,16
BRDA:298,10,0,30
BRDA:298,10,1,16
BRDA:306,11,0,8
BRDA:306,11,1,38
BRDA:306,12,0,8
BRDA:306,12,1,5
BRDA:307,13,0,8
BRDA:307,13,1,5
BRDA:311,14,0,8
BRDA:311,14,1,5
BRDA:314,15,0,8
BRDA:314,15,1,5
BRDA:314,16,0,1
BRDA:314,16,1,1
BRF:34
BRH:34
end_of_record
TN:
SF:src\views\LobbyView.vue
FN:407,render
FN:417,(anonymous_1)
FN:433,(anonymous_2)
FN:439,(anonymous_3)
FN:445,(anonymous_4)
FNF:5
FNH:4
FNDA:13,render
FNDA:1,(anonymous_1)
FNDA:1,(anonymous_2)
FNDA:1,(anonymous_3)
FNDA:0,(anonymous_4)
DA:4,1
DA:5,1
DA:8,1
DA:381,1
DA:383,1
DA:386,1
DA:387,1
DA:388,1
DA:391,1
DA:394,1
DA:397,1
DA:400,1
DA:404,1
DA:408,13
DA:409,13
DA:417,1
DA:433,1
DA:439,1
DA:445,0
DA:450,1
LF:20
LH:19
BRDA:409,0,0,13
BRDA:409,0,1,11
BRDA:411,1,0,12
BRDA:411,1,1,1
BRDA:417,2,0,12
BRDA:417,2,1,11
BRDA:417,3,0,1
BRDA:417,3,1,1
BRDA:431,4,0,12
BRDA:431,4,1,1
BRDA:433,5,0,12
BRDA:433,5,1,11
BRDA:433,6,0,1
BRDA:433,6,1,1
BRDA:435,7,0,12
BRDA:435,7,1,11
BRDA:437,8,0,12
BRDA:437,8,1,1
BRDA:439,9,0,12
BRDA:439,9,1,11
BRDA:439,10,0,1
BRDA:439,10,1,1
BRDA:441,11,0,12
BRDA:441,11,1,11
BRDA:443,12,0,1
BRDA:443,12,1,12
BRDA:445,13,0,1
BRDA:445,13,1,1
BRDA:445,14,0,0
BRDA:445,14,1,0
BRDA:447,15,0,1
BRDA:447,15,1,1
BRF:32
BRH:30
end_of_record
TN:
SF:src\views\auth\LoginView.vue
FN:149,render
FN:152,(anonymous_1)
FN:158,(anonymous_2)
FN:163,(anonymous_3)
FN:168,(anonymous_4)
FN:173,(anonymous_5)
FN:174,(anonymous_6)
FN:177,(anonymous_7)
FN:186,(anonymous_8)
FNF:9
FNH:8
FNDA:34,render
FNDA:0,(anonymous_1)
FNDA:3,(anonymous_2)
FNDA:3,(anonymous_3)
FNDA:3,(anonymous_4)
FNDA:3,(anonymous_5)
FNDA:3,(anonymous_6)
FNDA:2,(anonymous_7)
FNDA:10,(anonymous_8)
DA:4,1
DA:7,1
DA:97,1
DA:99,1
DA:102,1
DA:103,1
DA:104,1
DA:107,1
DA:110,1
DA:113,1
DA:116,1
DA:119,1
DA:123,1
DA:126,1
DA:129,1
DA:130,1
DA:134,1
DA:138,1
DA:139,1
DA:142,1
DA:146,1
DA:150,34
DA:151,34
DA:152,0
DA:158,3
DA:163,3
DA:168,3
DA:173,3
DA:174,3
DA:177,2
DA:186,10
DA:191,1
LF:32
LH:31
BRDA:151,0,0,34
BRDA:151,0,1,10
BRDA:152,1,0,34
BRDA:152,1,1,10
BRDA:152,2,0,0
BRDA:152,2,1,0
BRDA:154,3,0,34
BRDA:154,3,1,10
BRDA:158,4,0,34
BRDA:158,4,1,10
BRDA:163,5,0,34
BRDA:163,5,1,10
BRDA:163,6,0,3
BRDA:163,6,1,3
BRDA:164,7,0,3
BRDA:164,7,1,31
BRDA:164,8,0,34
BRDA:164,8,1,10
BRDA:168,9,0,34
BRDA:168,9,1,10
BRDA:169,10,0,1
BRDA:169,10,1,33
BRDA:173,11,0,34
BRDA:173,11,1,10
BRDA:173,12,0,3
BRDA:173,12,1,3
BRDA:174,13,0,34
BRDA:174,13,1,10
BRDA:174,14,0,3
BRDA:174,14,1,3
BRDA:176,15,0,1
BRDA:176,15,1,33
BRDA:177,16,0,34
BRDA:177,16,1,10
BRDA:178,17,0,4
BRDA:178,17,1,30
BRDA:178,18,0,3
BRDA:178,18,1,31
BRDA:182,19,0,30
BRDA:182,19,1,4
BRDA:186,20,0,10
BRDA:186,20,1,10
BRF:42
BRH:40
end_of_record
TN:
SF:src\views\auth\RegisterView.vue
FN:198,render
FN:201,(anonymous_1)
FN:207,(anonymous_2)
FN:212,(anonymous_3)
FN:213,(anonymous_4)
FN:218,(anonymous_5)
FN:223,(anonymous_6)
FN:224,(anonymous_7)
FN:229,(anonymous_8)
FN:234,(anonymous_9)
FN:235,(anonymous_10)
FN:238,(anonymous_11)
FN:247,(anonymous_12)
FNF:13
FNH:12
FNDA:39,render
FNDA:0,(anonymous_1)
FNDA:3,(anonymous_2)
FNDA:3,(anonymous_3)
FNDA:3,(anonymous_4)
FNDA:3,(anonymous_5)
FNDA:3,(anonymous_6)
FNDA:3,(anonymous_7)
FNDA:3,(anonymous_8)
FNDA:3,(anonymous_9)
FNDA:3,(anonymous_10)
FNDA:2,(anonymous_11)
FNDA:10,(anonymous_12)
DA:4,1
DA:7,1
DA:136,1
DA:138,1
DA:141,1
DA:142,1
DA:143,1
DA:146,1
DA:149,1
DA:152,1
DA:155,1
DA:158,1
DA:162,1
DA:165,1
DA:168,1
DA:172,1
DA:175,1
DA:178,1
DA:179,1
DA:183,1
DA:187,1
DA:188,1
DA:191,1
DA:195,1
DA:199,39
DA:200,39
DA:201,0
DA:207,3
DA:212,3
DA:213,3
DA:218,3
DA:223,3
DA:224,3
DA:229,3
DA:234,3
DA:235,3
DA:238,2
DA:247,10
DA:252,1
LF:39
LH:38
BRDA:200,0,0,39
BRDA:200,0,1,10
BRDA:201,1,0,39
BRDA:201,1,1,10
BRDA:201,2,0,0
BRDA:201,2,1,0
BRDA:203,3,0,39
BRDA:203,3,1,10
BRDA:207,4,0,39
BRDA:207,4,1,10
BRDA:212,5,0,39
BRDA:212,5,1,10
BRDA:212,6,0,3
BRDA:212,6,1,3
BRDA:213,7,0,39
BRDA:213,7,1,10
BRDA:213,8,0,3
BRDA:213,8,1,3
BRDA:214,9,0,4
BRDA:214,9,1,35
BRDA:214,10,0,39
BRDA:214,10,1,10
BRDA:218,11,0,39
BRDA:218,11,1,10
BRDA:223,12,0,39
BRDA:223,12,1,10
BRDA:223,13,0,3
BRDA:223,13,1,3
BRDA:224,14,0,39
BRDA:224,14,1,10
BRDA:224,15,0,3
BRDA:224,15,1,3
BRDA:225,16,0,7
BRDA:225,16,1,32
BRDA:225,17,0,39
BRDA:225,17,1,10
BRDA:229,18,0,39
BRDA:229,18,1,10
BRDA:230,19,0,1
BRDA:230,19,1,38
BRDA:234,20,0,39
BRDA:234,20,1,10
BRDA:234,21,0,3
BRDA:234,21,1,3
BRDA:235,22,0,39
BRDA:235,22,1,10
BRDA:235,23,0,3
BRDA:235,23,1,3
BRDA:237,24,0,1
BRDA:237,24,1,38
BRDA:238,25,0,39
BRDA:238,25,1,10
BRDA:239,26,0,7
BRDA:239,26,1,32
BRDA:239,27,0,3
BRDA:239,27,1,36
BRDA:243,28,0,35
BRDA:243,28,1,4
BRDA:247,29,0,10
BRDA:247,29,1,10
BRF:60
BRH:58
end_of_record
