TN:
SF:src\App.vue
FN:18,render
FN:23,(anonymous_1)
FN:24,(anonymous_2)
FNF:3
FNH:0
FNDA:0,render
FNDA:0,(anonymous_1)
FNDA:0,(anonymous_2)
DA:4,0
DA:7,0
DA:8,0
DA:11,0
DA:13,0
DA:16,0
DA:17,0
DA:19,0
DA:20,0
DA:21,0
DA:22,0
DA:23,0
DA:24,0
DA:29,0
LF:14
LH:0
BRF:0
BRH:0
end_of_record
TN:
SF:src\api\company-api.js
FN:14,(anonymous_0)
FNF:1
FNH:0
FNDA:0,(anonymous_0)
DA:14,0
DA:15,0
DA:16,0
DA:18,0
DA:26,0
DA:27,0
DA:28,0
DA:29,0
DA:32,0
DA:33,0
DA:34,0
DA:35,0
DA:39,0
DA:40,0
DA:41,0
DA:45,0
DA:46,0
DA:47,0
DA:48,0
DA:51,0
DA:64,0
DA:67,0
DA:68,0
LF:23
LH:0
BRDA:26,0,0,0
BRDA:26,0,1,0
BRDA:32,1,0,0
BRDA:32,1,1,0
BRDA:39,2,0,0
BRDA:39,2,1,0
BRDA:45,3,0,0
BRDA:45,3,1,0
BRDA:45,4,0,0
BRDA:45,4,1,0
BRDA:52,5,0,0
BRDA:52,5,1,0
BRDA:53,6,0,0
BRDA:53,6,1,0
BRDA:54,7,0,0
BRDA:54,7,1,0
BRDA:55,8,0,0
BRDA:55,8,1,0
BRDA:56,9,0,0
BRDA:56,9,1,0
BRDA:57,10,0,0
BRDA:57,10,1,0
BRDA:58,11,0,0
BRDA:58,11,1,0
BRDA:59,12,0,0
BRDA:59,12,1,0
BRDA:60,13,0,0
BRDA:60,13,1,0
BRDA:61,14,0,0
BRDA:61,14,1,0
BRF:30
BRH:0
end_of_record
TN:
SF:src\api\description-api.js
FN:5,(anonymous_0)
FNF:1
FNH:0
FNDA:0,(anonymous_0)
DA:5,0
DA:6,0
DA:7,0
DA:9,0
DA:17,0
DA:18,0
DA:19,0
DA:20,0
DA:23,0
DA:24,0
DA:25,0
DA:26,0
DA:30,0
DA:31,0
DA:32,0
DA:36,0
DA:37,0
DA:38,0
DA:39,0
DA:42,0
DA:49,0
DA:52,0
DA:53,0
LF:23
LH:0
BRDA:17,0,0,0
BRDA:17,0,1,0
BRDA:23,1,0,0
BRDA:23,1,1,0
BRDA:30,2,0,0
BRDA:30,2,1,0
BRDA:36,3,0,0
BRDA:36,3,1,0
BRDA:36,4,0,0
BRDA:36,4,1,0
BRDA:43,5,0,0
BRDA:43,5,1,0
BRDA:44,6,0,0
BRDA:44,6,1,0
BRDA:45,7,0,0
BRDA:45,7,1,0
BRDA:46,8,0,0
BRDA:46,8,1,0
BRF:18
BRH:0
end_of_record
TN:
SF:src\api\firebase-api.js
FN:28,(anonymous_0)
FN:44,(anonymous_1)
FN:58,(anonymous_2)
FN:77,(anonymous_3)
FN:91,(anonymous_4)
FN:111,(anonymous_5)
FN:125,(anonymous_6)
FN:140,(anonymous_7)
FN:143,(anonymous_8)
FN:148,(anonymous_9)
FNF:10
FNH:0
FNDA:0,(anonymous_0)
FNDA:0,(anonymous_1)
FNDA:0,(anonymous_2)
FNDA:0,(anonymous_3)
FNDA:0,(anonymous_4)
FNDA:0,(anonymous_5)
FNDA:0,(anonymous_6)
FNDA:0,(anonymous_7)
FNDA:0,(anonymous_8)
FNDA:0,(anonymous_9)
DA:12,0
DA:13,0
DA:14,0
DA:28,0
DA:29,0
DA:30,0
DA:31,0
DA:33,0
DA:34,0
DA:44,0
DA:45,0
DA:46,0
DA:47,0
DA:49,0
DA:50,0
DA:58,0
DA:59,0
DA:60,0
DA:62,0
DA:63,0
DA:77,0
DA:78,0
DA:79,0
DA:81,0
DA:82,0
DA:91,0
DA:92,0
DA:93,0
DA:94,0
DA:95,0
DA:97,0
DA:100,0
DA:101,0
DA:111,0
DA:112,0
DA:113,0
DA:115,0
DA:116,0
DA:125,0
DA:126,0
DA:127,0
DA:129,0
DA:130,0
DA:140,0
DA:141,0
DA:142,0
DA:143,0
DA:144,0
DA:148,0
DA:150,0
DA:151,0
LF:51
LH:0
BRDA:94,0,0,0
BRDA:94,0,1,0
BRF:2
BRH:0
end_of_record
TN:
SF:src\api\news-api.js
FN:15,(anonymous_0)
FN:49,(anonymous_1)
FN:59,(anonymous_2)
FNF:3
FNH:0
FNDA:0,(anonymous_0)
FNDA:0,(anonymous_1)
FNDA:0,(anonymous_2)
DA:15,0
DA:16,0
DA:17,0
DA:18,0
DA:20,0
DA:29,0
DA:31,0
DA:32,0
DA:34,0
DA:35,0
DA:36,0
DA:37,0
DA:40,0
DA:41,0
DA:42,0
DA:43,0
DA:46,0
DA:47,0
DA:49,0
DA:50,0
DA:53,0
DA:54,0
DA:57,0
DA:59,0
DA:64,0
DA:67,0
DA:68,0
LF:27
LH:0
BRDA:15,0,0,0
BRDA:34,1,0,0
BRDA:34,1,1,0
BRDA:40,2,0,0
BRDA:40,2,1,0
BRDA:41,3,0,0
BRDA:41,3,1,0
BRDA:46,4,0,0
BRDA:46,4,1,0
BRDA:50,5,0,0
BRDA:50,5,1,0
BRDA:53,6,0,0
BRDA:53,6,1,0
BRDA:61,7,0,0
BRDA:61,7,1,0
BRF:15
BRH:0
end_of_record
TN:
SF:src\api\stock-api.js
FN:15,(anonymous_0)
FN:29,(anonymous_1)
FN:59,(anonymous_2)
FN:80,(anonymous_3)
FN:94,(anonymous_4)
FNF:5
FNH:0
FNDA:0,(anonymous_0)
FNDA:0,(anonymous_1)
FNDA:0,(anonymous_2)
FNDA:0,(anonymous_3)
FNDA:0,(anonymous_4)
DA:15,0
DA:16,0
DA:17,0
DA:18,0
DA:19,0
DA:21,0
DA:29,0
DA:30,0
DA:31,0
DA:38,0
DA:40,0
DA:41,0
DA:42,0
DA:43,0
DA:46,0
DA:47,0
DA:49,0
DA:50,0
DA:59,0
DA:60,0
DA:61,0
DA:69,0
DA:71,0
DA:72,0
DA:73,0
DA:74,0
DA:77,0
DA:78,0
DA:81,0
DA:82,0
DA:83,0
DA:84,0
DA:85,0
DA:87,0
DA:92,0
DA:94,0
DA:96,0
DA:98,0
DA:99,0
LF:39
LH:0
BRDA:40,0,0,0
BRDA:40,0,1,0
BRDA:40,1,0,0
BRDA:40,1,1,0
BRDA:71,2,0,0
BRDA:71,2,1,0
BRDA:71,3,0,0
BRDA:71,3,1,0
BRDA:82,4,0,0
BRDA:82,4,1,0
BRF:10
BRH:0
end_of_record
TN:
SF:src\components\PlayerList.vue
FN:52,render
FN:53,(anonymous_1)
FN:59,(anonymous_2)
FNF:3
FNH:0
FNDA:0,render
FNDA:0,(anonymous_1)
FNDA:0,(anonymous_2)
DA:4,0
DA:7,0
DA:8,0
DA:25,0
DA:27,0
DA:30,0
DA:31,0
DA:32,0
DA:35,0
DA:38,0
DA:41,0
DA:44,0
DA:47,0
DA:51,0
DA:53,0
DA:54,0
DA:59,0
DA:65,0
LF:18
LH:0
BRDA:57,0,0,0
BRDA:57,0,1,0
BRDA:57,1,0,0
BRDA:57,1,1,0
BRDA:57,2,0,0
BRDA:57,2,1,0
BRDA:61,3,0,0
BRDA:61,3,1,0
BRF:8
BRH:0
end_of_record
TN:
SF:src\components\StockChart.vue
FN:114,render
FNF:1
FNH:0
FNDA:0,render
DA:4,0
DA:7,0
DA:96,0
DA:98,0
DA:101,0
DA:102,0
DA:103,0
DA:106,0
DA:110,0
DA:115,0
DA:116,0
DA:120,0
LF:12
LH:0
BRDA:116,0,0,0
BRDA:116,0,1,0
BRF:2
BRH:0
end_of_record
TN:
SF:src\components\StockSelector.vue
FN:242,render
FN:254,(anonymous_1)
FNF:2
FNH:1
FNDA:6,render
FNDA:0,(anonymous_1)
DA:4,1
DA:7,1
DA:224,1
DA:226,1
DA:229,1
DA:230,1
DA:231,1
DA:235,1
DA:238,1
DA:243,6
DA:254,0
DA:256,1
LF:12
LH:11
BRDA:243,0,0,5
BRDA:243,0,1,1
BRDA:251,1,0,0
BRDA:251,1,1,5
BRDA:251,2,0,4
BRDA:251,2,1,1
BRDA:251,3,0,5
BRDA:251,3,1,4
BRDA:251,3,2,4
BRDA:254,4,0,4
BRDA:254,4,1,4
BRDA:254,5,0,0
BRDA:254,5,1,0
BRF:13
BRH:10
end_of_record
TN:
SF:src\components\buttons\LeaveGameButton.vue
FN:175,render
FN:177,(anonymous_1)
FNF:2
FNH:0
FNDA:0,render
FNDA:0,(anonymous_1)
DA:4,0
DA:7,0
DA:168,0
DA:170,0
DA:173,0
DA:174,0
DA:176,0
DA:177,0
DA:182,0
LF:9
LH:0
BRDA:177,0,0,0
BRDA:177,0,1,0
BRDA:177,1,0,0
BRDA:177,1,1,0
BRDA:179,2,0,0
BRDA:179,2,1,0
BRF:6
BRH:0
end_of_record
TN:
SF:src\components\buttons\LogoutButton.vue
FN:58,render
FN:60,(anonymous_1)
FNF:2
FNH:0
FNDA:0,render
FNDA:0,(anonymous_1)
DA:4,0
DA:7,0
DA:51,0
DA:53,0
DA:56,0
DA:57,0
DA:59,0
DA:60,0
DA:63,0
LF:9
LH:0
BRDA:60,0,0,0
BRDA:60,0,1,0
BRDA:60,1,0,0
BRDA:60,1,1,0
BRF:4
BRH:0
end_of_record
TN:
SF:src\components\game\GameWinner.vue
FN:215,render
FN:226,(anonymous_1)
FN:233,(anonymous_2)
FNF:3
FNH:0
FNDA:0,render
FNDA:0,(anonymous_1)
FNDA:0,(anonymous_2)
DA:4,0
DA:7,0
DA:126,0
DA:128,0
DA:131,0
DA:132,0
DA:133,0
DA:137,0
DA:140,0
DA:143,0
DA:146,0
DA:149,0
DA:153,0
DA:156,0
DA:159,0
DA:162,0
DA:165,0
DA:168,0
DA:171,0
DA:174,0
DA:177,0
DA:180,0
DA:184,0
DA:187,0
DA:190,0
DA:193,0
DA:196,0
DA:200,0
DA:203,0
DA:206,0
DA:209,0
DA:212,0
DA:216,0
DA:227,0
DA:233,0
DA:235,0
LF:36
LH:0
BRDA:216,0,0,0
BRDA:216,0,1,0
BRDA:216,1,0,0
BRDA:216,1,1,0
BRDA:218,2,0,0
BRDA:218,2,1,0
BRDA:218,3,0,0
BRDA:218,3,1,0
BRDA:218,4,0,0
BRDA:218,4,1,0
BRDA:220,5,0,0
BRDA:220,5,1,0
BRDA:222,6,0,0
BRDA:222,6,1,0
BRDA:224,7,0,0
BRDA:224,7,1,0
BRDA:224,8,0,0
BRDA:224,8,1,0
BRDA:226,9,0,0
BRDA:226,9,1,0
BRDA:226,10,0,0
BRDA:226,10,1,0
BRDA:233,11,0,0
BRDA:233,11,1,0
BRDA:233,12,0,0
BRDA:233,12,1,0
BRF:26
BRH:0
end_of_record
TN:
SF:src\components\game\PlayerCard.vue
FN:23,(anonymous_0)
FN:52,render
FNF:2
FNH:0
FNDA:0,(anonymous_0)
FNDA:0,render
DA:4,0
DA:7,0
DA:8,0
DA:24,0
DA:28,0
DA:30,0
DA:33,0
DA:34,0
DA:35,0
DA:38,0
DA:39,0
DA:43,0
DA:46,0
DA:49,0
DA:53,0
DA:70,0
LF:16
LH:0
BRDA:57,0,0,0
BRDA:57,0,1,0
BRDA:61,1,0,0
BRDA:61,1,1,0
BRDA:69,2,0,0
BRDA:69,2,1,0
BRF:6
BRH:0
end_of_record
TN:
SF:src\components\game\PokerHUD.vue
FN:24,(anonymous_0)
FN:30,(anonymous_1)
FN:38,(anonymous_2)
FN:41,(anonymous_3)
FN:44,(anonymous_4)
FN:52,(anonymous_5)
FN:96,render
FN:119,(anonymous_7)
FN:127,(anonymous_8)
FN:134,(anonymous_9)
FN:141,(anonymous_10)
FN:147,(anonymous_11)
FN:153,(anonymous_12)
FNF:13
FNH:0
FNDA:0,(anonymous_0)
FNDA:0,(anonymous_1)
FNDA:0,(anonymous_2)
FNDA:0,(anonymous_3)
FNDA:0,(anonymous_4)
FNDA:0,(anonymous_5)
FNDA:0,render
FNDA:0,(anonymous_7)
FNDA:0,(anonymous_8)
FNDA:0,(anonymous_9)
FNDA:0,(anonymous_10)
FNDA:0,(anonymous_11)
FNDA:0,(anonymous_12)
DA:4,0
DA:7,0
DA:8,0
DA:25,0
DA:31,0
DA:32,0
DA:33,0
DA:35,0
DA:39,0
DA:42,0
DA:45,0
DA:46,0
DA:47,0
DA:48,0
DA:53,0
DA:54,0
DA:55,0
DA:56,0
DA:62,0
DA:64,0
DA:67,0
DA:68,0
DA:69,0
DA:72,0
DA:75,0
DA:78,0
DA:81,0
DA:84,0
DA:87,0
DA:88,0
DA:89,0
DA:90,0
DA:93,0
DA:94,0
DA:95,0
DA:97,0
DA:119,0
DA:127,0
DA:134,0
DA:141,0
DA:147,0
DA:153,0
DA:158,0
LF:43
LH:0
BRDA:31,0,0,0
BRDA:31,0,1,0
BRDA:31,1,0,0
BRDA:31,1,1,0
BRDA:45,2,0,0
BRDA:45,2,1,0
BRDA:47,3,0,0
BRDA:47,3,1,0
BRDA:53,4,0,0
BRDA:53,4,1,0
BRDA:55,5,0,0
BRDA:55,5,1,0
BRDA:102,6,0,0
BRDA:102,6,1,0
BRDA:104,7,0,0
BRDA:104,7,1,0
BRDA:109,8,0,0
BRDA:109,8,1,0
BRDA:114,9,0,0
BRDA:114,9,1,0
BRDA:119,10,0,0
BRDA:119,10,1,0
BRDA:119,11,0,0
BRDA:119,11,1,0
BRDA:122,12,0,0
BRDA:122,12,1,0
BRDA:127,13,0,0
BRDA:127,13,1,0
BRDA:134,14,0,0
BRDA:134,14,1,0
BRDA:134,15,0,0
BRDA:134,15,1,0
BRDA:137,16,0,0
BRDA:137,16,1,0
BRDA:140,17,0,0
BRDA:140,17,1,0
BRDA:141,18,0,0
BRDA:141,18,1,0
BRDA:141,19,0,0
BRDA:141,19,1,0
BRDA:143,20,0,0
BRDA:143,20,1,0
BRDA:146,21,0,0
BRDA:146,21,1,0
BRDA:147,22,0,0
BRDA:147,22,1,0
BRDA:147,23,0,0
BRDA:147,23,1,0
BRDA:149,24,0,0
BRDA:149,24,1,0
BRDA:152,25,0,0
BRDA:152,25,1,0
BRDA:153,26,0,0
BRDA:153,26,1,0
BRDA:153,27,0,0
BRDA:153,27,1,0
BRDA:155,28,0,0
BRDA:155,28,1,0
BRF:58
BRH:0
end_of_record
TN:
SF:src\components\game\PokerTable.vue
FN:179,render
FN:183,(anonymous_1)
FN:190,(anonymous_2)
FN:195,(anonymous_3)
FNF:4
FNH:0
FNDA:0,render
FNDA:0,(anonymous_1)
FNDA:0,(anonymous_2)
FNDA:0,(anonymous_3)
DA:4,0
DA:5,0
DA:8,0
DA:159,0
DA:161,0
DA:164,0
DA:165,0
DA:166,0
DA:169,0
DA:172,0
DA:176,0
DA:180,0
DA:181,0
DA:184,0
DA:191,0
DA:196,0
DA:213,0
LF:17
LH:0
BRDA:181,0,0,0
BRDA:181,0,1,0
BRDA:195,1,0,0
BRDA:195,1,1,0
BRDA:203,2,0,0
BRDA:203,2,1,0
BRDA:205,3,0,0
BRDA:205,3,1,0
BRDA:209,4,0,0
BRDA:209,4,1,0
BRF:10
BRH:0
end_of_record
TN:
SF:src\components\game\PredictionResult.vue
FN:25,(anonymous_0)
FN:29,(anonymous_1)
FN:33,(anonymous_2)
FN:45,(anonymous_3)
FN:49,(anonymous_4)
FN:51,(anonymous_5)
FN:59,(anonymous_6)
FN:62,(anonymous_7)
FN:66,(anonymous_8)
FN:74,(anonymous_9)
FN:82,(anonymous_10)
FN:141,render
FN:142,(anonymous_12)
FN:152,(anonymous_13)
FNF:14
FNH:0
FNDA:0,(anonymous_0)
FNDA:0,(anonymous_1)
FNDA:0,(anonymous_2)
FNDA:0,(anonymous_3)
FNDA:0,(anonymous_4)
FNDA:0,(anonymous_5)
FNDA:0,(anonymous_6)
FNDA:0,(anonymous_7)
FNDA:0,(anonymous_8)
FNDA:0,(anonymous_9)
FNDA:0,(anonymous_10)
FNDA:0,render
FNDA:0,(anonymous_12)
FNDA:0,(anonymous_13)
DA:4,0
DA:7,0
DA:8,0
DA:25,0
DA:29,0
DA:33,0
DA:47,0
DA:51,0
DA:52,0
DA:53,0
DA:54,0
DA:60,0
DA:63,0
DA:64,0
DA:67,0
DA:68,0
DA:69,0
DA:71,0
DA:72,0
DA:75,0
DA:76,0
DA:77,0
DA:79,0
DA:80,0
DA:83,0
DA:87,0
DA:89,0
DA:92,0
DA:93,0
DA:94,0
DA:98,0
DA:101,0
DA:104,0
DA:107,0
DA:110,0
DA:113,0
DA:116,0
DA:119,0
DA:123,0
DA:127,0
DA:130,0
DA:134,0
DA:138,0
DA:142,0
DA:143,0
DA:152,0
DA:155,0
LF:47
LH:0
BRDA:47,0,0,0
BRDA:47,0,1,0
BRDA:47,1,0,0
BRDA:47,1,1,0
BRDA:47,1,2,0
BRDA:54,2,0,0
BRDA:54,2,1,0
BRDA:60,3,0,0
BRDA:60,3,1,0
BRDA:68,4,0,0
BRDA:68,4,1,0
BRDA:68,5,0,0
BRDA:68,5,1,0
BRDA:68,5,2,0
BRDA:72,6,0,0
BRDA:72,6,1,0
BRDA:76,7,0,0
BRDA:76,7,1,0
BRDA:76,8,0,0
BRDA:76,8,1,0
BRDA:76,8,2,0
BRDA:142,9,0,0
BRDA:142,9,1,0
BRDA:142,10,0,0
BRDA:142,10,1,0
BRDA:142,11,0,0
BRDA:142,11,1,0
BRDA:142,12,0,0
BRDA:142,12,1,0
BRDA:148,13,0,0
BRDA:148,13,1,0
BRDA:149,14,0,0
BRDA:149,14,1,0
BRDA:149,15,0,0
BRDA:149,15,1,0
BRDA:151,16,0,0
BRDA:151,16,1,0
BRDA:152,17,0,0
BRDA:152,17,1,0
BRDA:152,18,0,0
BRDA:152,18,1,0
BRF:41
BRH:0
end_of_record
TN:
SF:src\components\game\RoundWinner.vue
FN:33,(anonymous_0)
FN:38,(anonymous_1)
FN:81,render
FN:85,(anonymous_3)
FNF:4
FNH:0
FNDA:0,(anonymous_0)
FNDA:0,(anonymous_1)
FNDA:0,render
FNDA:0,(anonymous_3)
DA:4,0
DA:7,0
DA:8,0
DA:34,0
DA:39,0
DA:43,0
DA:45,0
DA:48,0
DA:49,0
DA:50,0
DA:54,0
DA:57,0
DA:60,0
DA:63,0
DA:66,0
DA:69,0
DA:72,0
DA:75,0
DA:78,0
DA:82,0
DA:85,0
DA:88,0
LF:22
LH:0
BRDA:82,0,0,0
BRDA:82,0,1,0
BRDA:82,1,0,0
BRDA:82,1,1,0
BRDA:84,2,0,0
BRDA:84,2,1,0
BRDA:84,3,0,0
BRDA:84,3,1,0
BRDA:84,4,0,0
BRDA:84,4,1,0
BRDA:85,5,0,0
BRDA:85,5,1,0
BRDA:85,6,0,0
BRDA:85,6,1,0
BRDA:87,7,0,0
BRDA:87,7,1,0
BRF:16
BRH:0
end_of_record
TN:
SF:src\components\game\StockPrediction.vue
FN:136,render
FN:149,(anonymous_1)
FN:152,(anonymous_2)
FNF:3
FNH:0
FNDA:0,render
FNDA:0,(anonymous_1)
FNDA:0,(anonymous_2)
DA:4,0
DA:5,0
DA:8,0
DA:89,0
DA:91,0
DA:94,0
DA:95,0
DA:96,0
DA:100,0
DA:103,0
DA:107,0
DA:110,0
DA:113,0
DA:116,0
DA:119,0
DA:122,0
DA:125,0
DA:128,0
DA:132,0
DA:137,0
DA:138,0
DA:149,0
DA:152,0
DA:154,0
LF:24
LH:0
BRDA:138,0,0,0
BRDA:138,0,1,0
BRDA:138,1,0,0
BRDA:138,1,1,0
BRDA:140,2,0,0
BRDA:140,2,1,0
BRDA:140,3,0,0
BRDA:140,3,1,0
BRDA:140,4,0,0
BRDA:140,4,1,0
BRDA:142,5,0,0
BRDA:142,5,1,0
BRDA:144,6,0,0
BRDA:144,6,1,0
BRDA:147,7,0,0
BRDA:147,7,1,0
BRDA:149,8,0,0
BRDA:149,8,1,0
BRDA:152,9,0,0
BRDA:152,9,1,0
BRDA:152,10,0,0
BRDA:152,10,1,0
BRF:22
BRH:0
end_of_record
TN:
SF:src\components\game\hint\CurrentPriceHint.vue
FN:121,render
FN:126,(anonymous_1)
FN:132,(anonymous_2)
FNF:3
FNH:0
FNDA:0,render
FNDA:0,(anonymous_1)
FNDA:0,(anonymous_2)
DA:4,0
DA:7,0
DA:79,0
DA:81,0
DA:84,0
DA:85,0
DA:86,0
DA:90,0
DA:93,0
DA:96,0
DA:99,0
DA:102,0
DA:105,0
DA:109,0
DA:112,0
DA:115,0
DA:118,0
DA:122,0
DA:127,0
DA:132,0
DA:134,0
LF:21
LH:0
BRDA:122,0,0,0
BRDA:122,0,1,0
BRDA:122,1,0,0
BRDA:122,1,1,0
BRDA:124,2,0,0
BRDA:124,2,1,0
BRDA:126,3,0,0
BRDA:126,3,1,0
BRDA:126,4,0,0
BRDA:126,4,1,0
BRDA:132,5,0,0
BRDA:132,5,1,0
BRDA:132,6,0,0
BRDA:132,6,1,0
BRF:14
BRH:0
end_of_record
TN:
SF:src\components\game\hint\StockNewsHint.vue
FN:106,render
FN:107,(anonymous_1)
FNF:2
FNH:0
FNDA:0,render
FNDA:0,(anonymous_1)
DA:4,0
DA:7,0
DA:72,0
DA:74,0
DA:77,0
DA:78,0
DA:79,0
DA:83,0
DA:86,0
DA:89,0
DA:92,0
DA:95,0
DA:99,0
DA:102,0
DA:107,0
DA:108,0
DA:113,0
LF:17
LH:0
BRDA:107,0,0,0
BRDA:107,0,1,0
BRDA:107,1,0,0
BRDA:107,1,1,0
BRDA:107,2,0,0
BRDA:107,2,1,0
BRDA:112,3,0,0
BRDA:112,3,1,0
BRF:8
BRH:0
end_of_record
TN:
SF:src\components\game\hint\TechnicalIndicatorsHint.vue
FN:223,render
FNF:1
FNH:0
FNDA:0,render
DA:4,0
DA:7,0
DA:166,0
DA:168,0
DA:171,0
DA:172,0
DA:173,0
DA:177,0
DA:180,0
DA:183,0
DA:187,0
DA:190,0
DA:193,0
DA:196,0
DA:199,0
DA:202,0
DA:205,0
DA:208,0
DA:211,0
DA:214,0
DA:217,0
DA:220,0
DA:224,0
DA:246,0
LF:24
LH:0
BRDA:224,0,0,0
BRDA:224,0,1,0
BRDA:224,1,0,0
BRDA:224,1,1,0
BRDA:224,2,0,0
BRDA:224,2,1,0
BRDA:226,3,0,0
BRDA:226,3,1,0
BRDA:228,4,0,0
BRDA:228,4,1,0
BRDA:235,5,0,0
BRDA:235,5,1,0
BRDA:237,6,0,0
BRDA:237,6,1,0
BRDA:239,7,0,0
BRDA:239,7,1,0
BRDA:241,8,0,0
BRDA:241,8,1,0
BRDA:241,9,0,0
BRDA:241,9,1,0
BRDA:243,10,0,0
BRDA:243,10,1,0
BRDA:243,11,0,0
BRDA:243,11,1,0
BRDA:245,12,0,0
BRDA:245,12,1,0
BRF:26
BRH:0
end_of_record
TN:
SF:src\components\game\hint\mini\MiniChart.vue
FN:87,render
FN:95,(anonymous_1)
FNF:2
FNH:0
FNDA:0,render
FNDA:0,(anonymous_1)
DA:4,0
DA:5,0
DA:8,0
DA:77,0
DA:79,0
DA:82,0
DA:83,0
DA:84,0
DA:88,0
DA:89,0
DA:95,0
DA:99,0
LF:12
LH:0
BRDA:95,0,0,0
BRDA:95,0,1,0
BRDA:95,1,0,0
BRDA:95,1,1,0
BRDA:96,2,0,0
BRDA:96,2,1,0
BRF:6
BRH:0
end_of_record
TN:
SF:src\components\game\hint\mini\MiniIndicator.vue
FN:150,render
FN:157,(anonymous_1)
FNF:2
FNH:0
FNDA:0,render
FNDA:0,(anonymous_1)
DA:4,0
DA:7,0
DA:114,0
DA:116,0
DA:119,0
DA:120,0
DA:121,0
DA:124,0
DA:128,0
DA:132,0
DA:136,0
DA:140,0
DA:143,0
DA:147,0
DA:151,0
DA:157,0
DA:173,0
LF:17
LH:0
BRDA:157,0,0,0
BRDA:157,0,1,0
BRDA:157,1,0,0
BRDA:157,1,1,0
BRDA:158,2,0,0
BRDA:158,2,1,0
BRDA:159,3,0,0
BRDA:159,3,1,0
BRDA:160,4,0,0
BRDA:160,4,1,0
BRDA:160,5,0,0
BRDA:160,5,1,0
BRDA:160,6,0,0
BRDA:160,6,1,0
BRDA:164,7,0,0
BRDA:164,7,1,0
BRDA:164,8,0,0
BRDA:164,8,1,0
BRDA:168,9,0,0
BRDA:168,9,1,0
BRDA:168,10,0,0
BRDA:168,10,1,0
BRDA:170,11,0,0
BRDA:170,11,1,0
BRDA:170,12,0,0
BRDA:170,12,1,0
BRF:26
BRH:0
end_of_record
TN:
SF:src\components\game\hint\mini\MiniNews.vue
FN:80,render
FN:87,(anonymous_1)
FN:88,(anonymous_2)
FNF:3
FNH:0
FNDA:0,render
FNDA:0,(anonymous_1)
FNDA:0,(anonymous_2)
DA:4,0
DA:7,0
DA:59,0
DA:61,0
DA:64,0
DA:65,0
DA:66,0
DA:69,0
DA:73,0
DA:76,0
DA:81,0
DA:87,0
DA:89,0
DA:94,0
LF:14
LH:0
BRDA:87,0,0,0
BRDA:87,0,1,0
BRDA:87,1,0,0
BRDA:87,1,1,0
BRDA:88,2,0,0
BRDA:88,2,1,0
BRDA:88,3,0,0
BRDA:88,3,1,0
BRDA:93,4,0,0
BRDA:93,4,1,0
BRF:10
BRH:0
end_of_record
TN:
SF:src\components\game\hint\mini\MiniPrice.vue
FN:17,(anonymous_0)
FN:40,render
FNF:2
FNH:0
FNDA:0,(anonymous_0)
FNDA:0,render
DA:4,0
DA:7,0
DA:8,0
DA:19,0
DA:20,0
DA:22,0
DA:26,0
DA:28,0
DA:31,0
DA:32,0
DA:33,0
DA:37,0
DA:41,0
DA:44,0
LF:14
LH:0
BRDA:19,0,0,0
BRDA:19,0,1,0
BRDA:19,1,0,0
BRDA:19,1,1,0
BRDA:19,1,2,0
BRDA:41,2,0,0
BRDA:41,2,1,0
BRDA:41,3,0,0
BRDA:41,3,1,0
BRF:9
BRH:0
end_of_record
TN:
SF:src\config\api.js
FNF:0
FNH:0
DA:8,0
DA:14,0
DA:20,0
DA:26,0
LF:4
LH:0
BRF:0
BRH:0
end_of_record
TN:
SF:src\services\database.js
FN:5,(anonymous_0)
FN:15,(anonymous_1)
FN:31,(anonymous_2)
FN:41,(anonymous_3)
FNF:4
FNH:0
FNDA:0,(anonymous_0)
FNDA:0,(anonymous_1)
FNDA:0,(anonymous_2)
FNDA:0,(anonymous_3)
DA:5,0
DA:6,0
DA:7,0
DA:8,0
DA:10,0
DA:15,0
DA:16,0
DA:17,0
DA:18,0
DA:19,0
DA:21,0
DA:22,0
DA:25,0
DA:26,0
DA:31,0
DA:32,0
DA:33,0
DA:34,0
DA:36,0
DA:41,0
DA:42,0
DA:43,0
DA:44,0
DA:46,0
LF:24
LH:0
BRDA:18,0,0,0
BRDA:18,0,1,0
BRF:2
BRH:0
end_of_record
TN:
SF:src\services\game-database.js
FN:13,(anonymous_0)
FN:25,(anonymous_1)
FN:43,(anonymous_2)
FN:55,(anonymous_3)
FN:74,(anonymous_4)
FN:76,(anonymous_5)
FN:80,(anonymous_6)
FN:86,(anonymous_7)
FN:104,(anonymous_8)
FN:111,(anonymous_9)
FN:117,(anonymous_10)
FN:125,(anonymous_11)
FN:135,(anonymous_12)
FN:149,(anonymous_13)
FN:159,(anonymous_14)
FN:171,(anonymous_15)
FN:182,(anonymous_16)
FN:194,(anonymous_17)
FN:204,(anonymous_18)
FN:221,(anonymous_19)
FNF:20
FNH:0
FNDA:0,(anonymous_0)
FNDA:0,(anonymous_1)
FNDA:0,(anonymous_2)
FNDA:0,(anonymous_3)
FNDA:0,(anonymous_4)
FNDA:0,(anonymous_5)
FNDA:0,(anonymous_6)
FNDA:0,(anonymous_7)
FNDA:0,(anonymous_8)
FNDA:0,(anonymous_9)
FNDA:0,(anonymous_10)
FNDA:0,(anonymous_11)
FNDA:0,(anonymous_12)
FNDA:0,(anonymous_13)
FNDA:0,(anonymous_14)
FNDA:0,(anonymous_15)
FNDA:0,(anonymous_16)
FNDA:0,(anonymous_17)
FNDA:0,(anonymous_18)
FNDA:0,(anonymous_19)
DA:13,0
DA:14,0
DA:15,0
DA:16,0
DA:18,0
DA:25,0
DA:26,0
DA:27,0
DA:28,0
DA:29,0
DA:31,0
DA:32,0
DA:35,0
DA:36,0
DA:43,0
DA:44,0
DA:45,0
DA:46,0
DA:48,0
DA:55,0
DA:56,0
DA:57,0
DA:58,0
DA:60,0
DA:74,0
DA:75,0
DA:76,0
DA:77,0
DA:80,0
DA:86,0
DA:87,0
DA:88,0
DA:98,0
DA:104,0
DA:105,0
DA:111,0
DA:112,0
DA:117,0
DA:118,0
DA:125,0
DA:126,0
DA:135,0
DA:136,0
DA:137,0
DA:138,0
DA:140,0
DA:141,0
DA:149,0
DA:150,0
DA:159,0
DA:160,0
DA:161,0
DA:162,0
DA:164,0
DA:171,0
DA:172,0
DA:173,0
DA:182,0
DA:183,0
DA:184,0
DA:185,0
DA:187,0
DA:194,0
DA:195,0
DA:196,0
DA:198,0
DA:199,0
DA:200,0
DA:201,0
DA:204,0
DA:205,0
DA:206,0
DA:208,0
DA:211,0
DA:212,0
DA:214,0
DA:221,0
DA:222,0
DA:223,0
LF:79
LH:0
BRDA:28,0,0,0
BRDA:28,0,1,0
BRDA:89,1,0,0
BRDA:89,1,1,0
BRDA:90,2,0,0
BRDA:90,2,1,0
BRDA:91,3,0,0
BRDA:91,3,1,0
BRDA:92,4,0,0
BRDA:92,4,1,0
BRDA:96,5,0,0
BRDA:96,5,1,0
BRDA:138,6,0,0
BRDA:138,6,1,0
BRDA:199,7,0,0
BRDA:199,7,1,0
BRDA:205,8,0,0
BRDA:205,8,1,0
BRF:18
BRH:0
end_of_record
TN:
SF:src\services\game-store.js
FN:23,(anonymous_0)
FN:51,(anonymous_1)
FN:58,(anonymous_2)
FN:60,(anonymous_3)
FN:103,(anonymous_4)
FN:104,(anonymous_5)
FN:111,(anonymous_6)
FN:118,(anonymous_7)
FN:159,(anonymous_8)
FN:176,(anonymous_9)
FN:179,(anonymous_10)
FN:192,(anonymous_11)
FN:205,(anonymous_12)
FN:215,(anonymous_13)
FN:263,(anonymous_14)
FN:296,(anonymous_15)
FN:316,(anonymous_16)
FN:325,(anonymous_17)
FN:336,(anonymous_18)
FN:369,(anonymous_19)
FN:375,(anonymous_20)
FN:388,(anonymous_21)
FN:412,(anonymous_22)
FN:422,(anonymous_23)
FN:425,(anonymous_24)
FN:439,(anonymous_25)
FN:456,(anonymous_26)
FN:463,(anonymous_27)
FNF:28
FNH:0
FNDA:0,(anonymous_0)
FNDA:0,(anonymous_1)
FNDA:0,(anonymous_2)
FNDA:0,(anonymous_3)
FNDA:0,(anonymous_4)
FNDA:0,(anonymous_5)
FNDA:0,(anonymous_6)
FNDA:0,(anonymous_7)
FNDA:0,(anonymous_8)
FNDA:0,(anonymous_9)
FNDA:0,(anonymous_10)
FNDA:0,(anonymous_11)
FNDA:0,(anonymous_12)
FNDA:0,(anonymous_13)
FNDA:0,(anonymous_14)
FNDA:0,(anonymous_15)
FNDA:0,(anonymous_16)
FNDA:0,(anonymous_17)
FNDA:0,(anonymous_18)
FNDA:0,(anonymous_19)
FNDA:0,(anonymous_20)
FNDA:0,(anonymous_21)
FNDA:0,(anonymous_22)
FNDA:0,(anonymous_23)
FNDA:0,(anonymous_24)
FNDA:0,(anonymous_25)
FNDA:0,(anonymous_26)
FNDA:0,(anonymous_27)
DA:22,0
DA:23,0
DA:51,0
DA:59,0
DA:60,0
DA:61,0
DA:62,0
DA:63,0
DA:65,0
DA:68,0
DA:69,0
DA:70,0
DA:71,0
DA:73,0
DA:75,0
DA:76,0
DA:77,0
DA:81,0
DA:84,0
DA:87,0
DA:88,0
DA:91,0
DA:92,0
DA:94,0
DA:97,0
DA:104,0
DA:105,0
DA:112,0
DA:119,0
DA:121,0
DA:122,0
DA:125,0
DA:127,0
DA:128,0
DA:131,0
DA:132,0
DA:133,0
DA:134,0
DA:137,0
DA:140,0
DA:146,0
DA:147,0
DA:150,0
DA:151,0
DA:152,0
DA:153,0
DA:154,0
DA:155,0
DA:156,0
DA:160,0
DA:162,0
DA:163,0
DA:164,0
DA:166,0
DA:168,0
DA:169,0
DA:177,0
DA:179,0
DA:180,0
DA:181,0
DA:182,0
DA:185,0
DA:188,0
DA:189,0
DA:192,0
DA:193,0
DA:194,0
DA:195,0
DA:197,0
DA:206,0
DA:209,0
DA:210,0
DA:211,0
DA:212,0
DA:215,0
DA:216,0
DA:217,0
DA:218,0
DA:222,0
DA:223,0
DA:224,0
DA:225,0
DA:229,0
DA:231,0
DA:232,0
DA:233,0
DA:237,0
DA:238,0
DA:241,0
DA:242,0
DA:243,0
DA:247,0
DA:250,0
DA:252,0
DA:254,0
DA:257,0
DA:260,0
DA:263,0
DA:264,0
DA:265,0
DA:267,0
DA:271,0
DA:272,0
DA:273,0
DA:277,0
DA:278,0
DA:280,0
DA:281,0
DA:282,0
DA:283,0
DA:285,0
DA:288,0
DA:289,0
DA:297,0
DA:300,0
DA:301,0
DA:302,0
DA:303,0
DA:306,0
DA:307,0
DA:308,0
DA:309,0
DA:317,0
DA:320,0
DA:321,0
DA:322,0
DA:325,0
DA:328,0
DA:329,0
DA:330,0
DA:332,0
DA:333,0
DA:336,0
DA:337,0
DA:338,0
DA:340,0
DA:344,0
DA:345,0
DA:347,0
DA:350,0
DA:356,0
DA:357,0
DA:360,0
DA:361,0
DA:362,0
DA:363,0
DA:365,0
DA:368,0
DA:370,0
DA:371,0
DA:375,0
DA:377,0
DA:378,0
DA:379,0
DA:382,0
DA:389,0
DA:391,0
DA:392,0
DA:393,0
DA:396,0
DA:397,0
DA:398,0
DA:399,0
DA:400,0
DA:404,0
DA:406,0
DA:413,0
DA:414,0
DA:423,0
DA:425,0
DA:426,0
DA:427,0
DA:428,0
DA:432,0
DA:434,0
DA:436,0
DA:439,0
DA:440,0
DA:441,0
DA:443,0
DA:446,0
DA:448,0
DA:449,0
DA:457,0
DA:458,0
DA:459,0
DA:464,0
DA:465,0
LF:188
LH:0
BRDA:61,0,0,0
BRDA:61,0,1,0
BRDA:69,1,0,0
BRDA:69,1,1,0
BRDA:69,1,2,0
BRDA:70,2,0,0
BRDA:70,2,1,0
BRDA:70,2,2,0
BRDA:70,2,3,0
BRDA:70,2,4,0
BRDA:71,3,0,0
BRDA:71,3,1,0
BRDA:73,4,0,0
BRDA:73,4,1,0
BRDA:75,5,0,0
BRDA:75,5,1,0
BRDA:76,6,0,0
BRDA:76,6,1,0
BRDA:81,7,0,0
BRDA:81,7,1,0
BRDA:81,8,0,0
BRDA:81,8,1,0
BRDA:81,8,2,0
BRDA:87,9,0,0
BRDA:87,9,1,0
BRDA:88,10,0,0
BRDA:88,10,1,0
BRDA:88,11,0,0
BRDA:88,11,1,0
BRDA:91,12,0,0
BRDA:91,12,1,0
BRDA:111,13,0,0
BRDA:119,14,0,0
BRDA:119,14,1,0
BRDA:127,15,0,0
BRDA:127,15,1,0
BRDA:160,16,0,0
BRDA:160,16,1,0
BRDA:163,17,0,0
BRDA:163,17,1,0
BRDA:177,18,0,0
BRDA:177,18,1,0
BRDA:180,19,0,0
BRDA:180,19,1,0
BRDA:193,20,0,0
BRDA:193,20,1,0
BRDA:193,21,0,0
BRDA:193,21,1,0
BRDA:206,22,0,0
BRDA:206,22,1,0
BRDA:209,23,0,0
BRDA:209,23,1,0
BRDA:209,24,0,0
BRDA:209,24,1,0
BRDA:209,24,2,0
BRDA:209,24,3,0
BRDA:216,25,0,0
BRDA:216,25,1,0
BRDA:223,26,0,0
BRDA:223,26,1,0
BRDA:231,27,0,0
BRDA:231,27,1,0
BRDA:241,28,0,0
BRDA:241,28,1,0
BRDA:241,29,0,0
BRDA:241,29,1,0
BRDA:264,30,0,0
BRDA:264,30,1,0
BRDA:271,31,0,0
BRDA:271,31,1,0
BRDA:281,32,0,0
BRDA:281,32,1,0
BRDA:297,33,0,0
BRDA:297,33,1,0
BRDA:300,34,0,0
BRDA:300,34,1,0
BRDA:300,35,0,0
BRDA:300,35,1,0
BRDA:300,35,2,0
BRDA:300,35,3,0
BRDA:320,36,0,0
BRDA:320,36,1,0
BRDA:320,37,0,0
BRDA:320,37,1,0
BRDA:320,37,2,0
BRDA:320,37,3,0
BRDA:328,38,0,0
BRDA:328,38,1,0
BRDA:337,39,0,0
BRDA:337,39,1,0
BRDA:377,40,0,0
BRDA:377,40,1,0
BRDA:389,41,0,0
BRDA:389,41,1,0
BRDA:399,42,0,0
BRDA:399,42,1,0
BRDA:413,43,0,0
BRDA:413,43,1,0
BRDA:423,44,0,0
BRDA:423,44,1,0
BRDA:426,45,0,0
BRDA:426,45,1,0
BRDA:440,46,0,0
BRDA:440,46,1,0
BRDA:457,47,0,0
BRDA:457,47,1,0
BRF:106
BRH:0
end_of_record
TN:
SF:src\utils\errorUtils.js
FN:12,(anonymous_0)
FN:51,(anonymous_1)
FN:64,(anonymous_2)
FNF:3
FNH:0
FNDA:0,(anonymous_0)
FNDA:0,(anonymous_1)
FNDA:0,(anonymous_2)
DA:12,0
DA:13,0
DA:16,0
DA:17,0
DA:27,0
DA:28,0
DA:37,0
DA:51,0
DA:52,0
DA:53,0
DA:64,0
DA:65,0
DA:67,0
DA:68,0
DA:71,0
DA:72,0
DA:75,0
LF:17
LH:0
BRDA:12,0,0,0
BRDA:16,1,0,0
BRDA:16,1,1,0
BRDA:20,2,0,0
BRDA:20,2,1,0
BRDA:27,3,0,0
BRDA:27,3,1,0
BRDA:38,4,0,0
BRDA:38,4,1,0
BRDA:39,5,0,0
BRDA:39,5,1,0
BRDA:40,6,0,0
BRDA:40,6,1,0
BRDA:51,7,0,0
BRDA:52,8,0,0
BRDA:52,8,1,0
BRDA:64,9,0,0
BRDA:65,10,0,0
BRDA:65,10,1,0
BRDA:67,11,0,0
BRDA:67,11,1,0
BRDA:67,12,0,0
BRDA:67,12,1,0
BRDA:67,12,2,0
BRDA:71,13,0,0
BRDA:71,13,1,0
BRDA:71,14,0,0
BRDA:71,14,1,0
BRF:28
BRH:0
end_of_record
TN:
SF:src\utils\indicator.js
FN:9,(anonymous_0)
FN:16,(anonymous_1)
FN:31,(anonymous_2)
FN:60,(anonymous_3)
FN:70,(anonymous_4)
FN:74,(anonymous_5)
FN:84,(anonymous_6)
FN:93,(anonymous_7)
FN:98,(anonymous_8)
FN:123,(anonymous_9)
FN:130,(anonymous_10)
FN:144,(anonymous_11)
FN:164,(anonymous_12)
FN:184,(anonymous_13)
FNF:14
FNH:0
FNDA:0,(anonymous_0)
FNDA:0,(anonymous_1)
FNDA:0,(anonymous_2)
FNDA:0,(anonymous_3)
FNDA:0,(anonymous_4)
FNDA:0,(anonymous_5)
FNDA:0,(anonymous_6)
FNDA:0,(anonymous_7)
FNDA:0,(anonymous_8)
FNDA:0,(anonymous_9)
FNDA:0,(anonymous_10)
FNDA:0,(anonymous_11)
FNDA:0,(anonymous_12)
FNDA:0,(anonymous_13)
DA:9,0
DA:10,0
DA:11,0
DA:12,0
DA:16,0
DA:19,0
DA:20,0
DA:21,0
DA:25,0
DA:28,0
DA:29,0
DA:31,0
DA:32,0
DA:33,0
DA:35,0
DA:40,0
DA:41,0
DA:44,0
DA:45,0
DA:48,0
DA:49,0
DA:51,0
DA:60,0
DA:61,0
DA:62,0
DA:63,0
DA:70,0
DA:73,0
DA:74,0
DA:75,0
DA:84,0
DA:85,0
DA:86,0
DA:93,0
DA:95,0
DA:98,0
DA:99,0
DA:101,0
DA:104,0
DA:105,0
DA:106,0
DA:107,0
DA:108,0
DA:112,0
DA:123,0
DA:124,0
DA:125,0
DA:126,0
DA:130,0
DA:132,0
DA:133,0
DA:135,0
DA:136,0
DA:138,0
DA:139,0
DA:140,0
DA:143,0
DA:144,0
DA:146,0
DA:147,0
DA:150,0
DA:152,0
DA:164,0
DA:165,0
DA:168,0
DA:169,0
DA:170,0
DA:171,0
DA:172,0
DA:173,0
DA:175,0
DA:184,0
DA:185,0
DA:186,0
DA:187,0
DA:195,0
DA:199,0
LF:77
LH:0
BRDA:9,0,0,0
BRDA:10,1,0,0
BRDA:10,1,1,0
BRDA:10,2,0,0
BRDA:10,2,1,0
BRDA:16,3,0,0
BRDA:16,3,1,0
BRDA:32,4,0,0
BRDA:32,4,1,0
BRDA:44,5,0,0
BRDA:44,5,1,0
BRDA:60,6,0,0
BRDA:61,7,0,0
BRDA:61,7,1,0
BRDA:61,8,0,0
BRDA:61,8,1,0
BRDA:63,9,0,0
BRDA:63,9,1,0
BRDA:63,10,0,0
BRDA:63,10,1,0
BRDA:64,11,0,0
BRDA:64,11,1,0
BRDA:70,12,0,0
BRDA:70,12,1,0
BRDA:85,13,0,0
BRDA:85,13,1,0
BRDA:85,14,0,0
BRDA:85,14,1,0
BRDA:86,15,0,0
BRDA:86,15,1,0
BRDA:86,16,0,0
BRDA:86,16,1,0
BRDA:87,17,0,0
BRDA:87,17,1,0
BRDA:93,18,0,0
BRDA:93,18,1,0
BRDA:123,19,0,0
BRDA:123,20,0,0
BRDA:123,21,0,0
BRDA:124,22,0,0
BRDA:124,22,1,0
BRDA:124,23,0,0
BRDA:124,23,1,0
BRDA:130,24,0,0
BRDA:130,24,1,0
BRDA:165,25,0,0
BRDA:165,25,1,0
BRDA:165,26,0,0
BRDA:165,26,1,0
BRDA:168,27,0,0
BRDA:168,27,1,0
BRDA:170,28,0,0
BRDA:170,28,1,0
BRDA:172,29,0,0
BRDA:172,29,1,0
BRDA:185,30,0,0
BRDA:185,30,1,0
BRDA:185,31,0,0
BRDA:185,31,1,0
BRDA:185,31,2,0
BRDA:195,32,0,0
BRDA:195,32,1,0
BRF:62
BRH:0
end_of_record
TN:
SF:src\utils\popupEventBus.js
FN:7,(anonymous_0)
FN:16,(anonymous_1)
FN:25,(anonymous_2)
FNF:3
FNH:0
FNDA:0,(anonymous_0)
FNDA:0,(anonymous_1)
FNDA:0,(anonymous_2)
DA:4,0
DA:8,0
DA:9,0
DA:10,0
DA:11,0
DA:13,0
DA:17,0
DA:18,0
DA:19,0
DA:20,0
DA:22,0
DA:26,0
LF:12
LH:0
BRDA:9,0,0,0
BRDA:9,0,1,0
BRDA:18,1,0,0
BRDA:18,1,1,0
BRF:4
BRH:0
end_of_record
TN:
SF:src\utils\stock-list.js
FNF:0
FNH:0
DA:3,1
DA:56,1
LF:2
LH:2
BRF:0
BRH:0
end_of_record
TN:
SF:src\utils\stockDataUtils.js
FN:1,(anonymous_0)
FN:12,(anonymous_1)
FN:45,(anonymous_2)
FNF:3
FNH:2
FNDA:5,(anonymous_0)
FNDA:2,(anonymous_1)
FNDA:0,(anonymous_2)
DA:1,1
DA:2,5
DA:3,1
DA:4,1
DA:5,1
DA:12,2
DA:45,0
LF:7
LH:6
BRDA:2,0,0,4
BRDA:2,0,1,1
BRDA:2,1,0,5
BRDA:2,1,1,2
BRDA:12,2,0,0
BRDA:39,3,0,1
BRDA:39,3,1,1
BRDA:43,4,0,1
BRDA:43,4,1,1
BRDA:51,5,0,1
BRDA:51,5,1,1
BRF:11
BRH:10
end_of_record
TN:
SF:src\utils\timerUtils.js
FN:12,(anonymous_0)
FN:16,(anonymous_1)
FN:22,(anonymous_2)
FN:33,(anonymous_3)
FN:40,(anonymous_4)
FN:50,(anonymous_5)
FN:53,(anonymous_6)
FNF:7
FNH:0
FNDA:0,(anonymous_0)
FNDA:0,(anonymous_1)
FNDA:0,(anonymous_2)
FNDA:0,(anonymous_3)
FNDA:0,(anonymous_4)
FNDA:0,(anonymous_5)
FNDA:0,(anonymous_6)
DA:12,0
DA:13,0
DA:14,0
DA:16,0
DA:17,0
DA:19,0
DA:20,0
DA:22,0
DA:23,0
DA:24,0
DA:26,0
DA:27,0
DA:28,0
DA:33,0
DA:34,0
DA:35,0
DA:36,0
DA:40,0
DA:41,0
DA:42,0
DA:43,0
DA:46,0
DA:51,0
DA:54,0
LF:24
LH:0
BRDA:17,0,0,0
BRDA:17,0,1,0
BRDA:20,1,0,0
BRDA:20,1,1,0
BRDA:24,2,0,0
BRDA:24,2,1,0
BRDA:26,3,0,0
BRDA:26,3,1,0
BRDA:28,4,0,0
BRDA:28,4,1,0
BRDA:34,5,0,0
BRDA:34,5,1,0
BRDA:43,6,0,0
BRDA:43,6,1,0
BRF:14
BRH:0
end_of_record
TN:
SF:src\views\GameView.vue
FN:644,render
FNF:1
FNH:0
FNDA:0,render
DA:4,0
DA:5,0
DA:8,0
DA:608,0
DA:610,0
DA:613,0
DA:614,0
DA:615,0
DA:618,0
DA:621,0
DA:624,0
DA:627,0
DA:630,0
DA:633,0
DA:637,0
DA:640,0
DA:645,0
DA:646,0
DA:647,0
DA:648,0
DA:649,0
DA:650,0
DA:651,0
DA:652,0
DA:653,0
DA:654,0
DA:655,0
DA:656,0
DA:657,0
DA:658,0
DA:740,0
LF:31
LH:0
BRDA:658,0,0,0
BRDA:658,0,1,0
BRDA:658,1,0,0
BRDA:658,1,1,0
BRDA:662,2,0,0
BRDA:662,2,1,0
BRDA:662,3,0,0
BRDA:662,3,1,0
BRDA:666,4,0,0
BRDA:666,4,1,0
BRDA:666,5,0,0
BRDA:666,5,1,0
BRDA:671,6,0,0
BRDA:671,6,1,0
BRDA:671,7,0,0
BRDA:671,7,1,0
BRDA:675,8,0,0
BRDA:675,8,1,0
BRDA:677,9,0,0
BRDA:677,9,1,0
BRDA:677,10,0,0
BRDA:677,10,1,0
BRDA:679,11,0,0
BRDA:679,11,1,0
BRDA:679,12,0,0
BRDA:679,12,1,0
BRDA:686,13,0,0
BRDA:686,13,1,0
BRDA:693,14,0,0
BRDA:693,14,1,0
BRDA:707,15,0,0
BRDA:707,15,1,0
BRDA:713,16,0,0
BRDA:713,16,1,0
BRDA:719,17,0,0
BRDA:719,17,1,0
BRDA:725,18,0,0
BRDA:725,18,1,0
BRDA:733,19,0,0
BRDA:733,19,1,0
BRDA:733,20,0,0
BRDA:733,20,1,0
BRF:42
BRH:0
end_of_record
TN:
SF:src\views\HomeView.vue
FN:264,render
FN:273,(anonymous_1)
FN:276,(anonymous_2)
FN:282,(anonymous_3)
FN:285,(anonymous_4)
FN:294,(anonymous_5)
FN:297,(anonymous_6)
FN:302,(anonymous_7)
FN:306,(anonymous_8)
FN:310,(anonymous_9)
FN:313,(anonymous_10)
FNF:11
FNH:0
FNDA:0,render
FNDA:0,(anonymous_1)
FNDA:0,(anonymous_2)
FNDA:0,(anonymous_3)
FNDA:0,(anonymous_4)
FNDA:0,(anonymous_5)
FNDA:0,(anonymous_6)
FNDA:0,(anonymous_7)
FNDA:0,(anonymous_8)
FNDA:0,(anonymous_9)
FNDA:0,(anonymous_10)
DA:4,0
DA:5,0
DA:8,0
DA:214,0
DA:216,0
DA:219,0
DA:220,0
DA:221,0
DA:224,0
DA:227,0
DA:230,0
DA:233,0
DA:236,0
DA:240,0
DA:243,0
DA:246,0
DA:249,0
DA:250,0
DA:254,0
DA:258,0
DA:261,0
DA:265,0
DA:266,0
DA:273,0
DA:276,0
DA:282,0
DA:285,0
DA:294,0
DA:298,0
DA:302,0
DA:306,0
DA:310,0
DA:313,0
DA:316,0
LF:34
LH:0
BRDA:266,0,0,0
BRDA:266,0,1,0
BRDA:268,1,0,0
BRDA:268,1,1,0
BRDA:273,2,0,0
BRDA:273,2,1,0
BRDA:273,3,0,0
BRDA:273,3,1,0
BRDA:276,4,0,0
BRDA:276,4,1,0
BRDA:276,5,0,0
BRDA:276,5,1,0
BRDA:282,6,0,0
BRDA:282,6,1,0
BRDA:285,7,0,0
BRDA:285,7,1,0
BRDA:294,8,0,0
BRDA:294,8,1,0
BRDA:295,9,0,0
BRDA:295,9,1,0
BRDA:297,10,0,0
BRDA:297,10,1,0
BRDA:305,11,0,0
BRDA:305,11,1,0
BRDA:305,12,0,0
BRDA:305,12,1,0
BRDA:306,13,0,0
BRDA:306,13,1,0
BRDA:310,14,0,0
BRDA:310,14,1,0
BRDA:313,15,0,0
BRDA:313,15,1,0
BRDA:313,16,0,0
BRDA:313,16,1,0
BRF:34
BRH:0
end_of_record
TN:
SF:src\views\LobbyView.vue
FN:393,render
FN:403,(anonymous_1)
FN:404,(anonymous_2)
FN:418,(anonymous_3)
FN:424,(anonymous_4)
FN:430,(anonymous_5)
FNF:6
FNH:0
FNDA:0,render
FNDA:0,(anonymous_1)
FNDA:0,(anonymous_2)
FNDA:0,(anonymous_3)
FNDA:0,(anonymous_4)
FNDA:0,(anonymous_5)
DA:4,0
DA:5,0
DA:8,0
DA:364,0
DA:366,0
DA:369,0
DA:370,0
DA:371,0
DA:374,0
DA:377,0
DA:380,0
DA:383,0
DA:387,0
DA:390,0
DA:394,0
DA:395,0
DA:403,0
DA:404,0
DA:418,0
DA:424,0
DA:430,0
DA:435,0
LF:22
LH:0
BRDA:395,0,0,0
BRDA:395,0,1,0
BRDA:397,1,0,0
BRDA:397,1,1,0
BRDA:403,2,0,0
BRDA:403,2,1,0
BRDA:404,3,0,0
BRDA:404,3,1,0
BRDA:404,4,0,0
BRDA:404,4,1,0
BRDA:405,5,0,0
BRDA:405,5,1,0
BRDA:416,6,0,0
BRDA:416,6,1,0
BRDA:418,7,0,0
BRDA:418,7,1,0
BRDA:418,8,0,0
BRDA:418,8,1,0
BRDA:420,9,0,0
BRDA:420,9,1,0
BRDA:422,10,0,0
BRDA:422,10,1,0
BRDA:424,11,0,0
BRDA:424,11,1,0
BRDA:424,12,0,0
BRDA:424,12,1,0
BRDA:426,13,0,0
BRDA:426,13,1,0
BRDA:428,14,0,0
BRDA:428,14,1,0
BRDA:430,15,0,0
BRDA:430,15,1,0
BRDA:430,16,0,0
BRDA:430,16,1,0
BRDA:432,17,0,0
BRDA:432,17,1,0
BRF:36
BRH:0
end_of_record
TN:
SF:src\views\auth\LoginView.vue
FN:144,render
FN:147,(anonymous_1)
FN:153,(anonymous_2)
FN:158,(anonymous_3)
FN:163,(anonymous_4)
FN:168,(anonymous_5)
FN:171,(anonymous_6)
FN:180,(anonymous_7)
FNF:8
FNH:7
FNDA:33,render
FNDA:0,(anonymous_1)
FNDA:3,(anonymous_2)
FNDA:3,(anonymous_3)
FNDA:3,(anonymous_4)
FNDA:3,(anonymous_5)
FNDA:2,(anonymous_6)
FNDA:9,(anonymous_7)
DA:4,1
DA:7,1
DA:92,1
DA:94,1
DA:97,1
DA:98,1
DA:99,1
DA:102,1
DA:105,1
DA:108,1
DA:111,1
DA:114,1
DA:118,1
DA:121,1
DA:124,1
DA:125,1
DA:129,1
DA:133,1
DA:134,1
DA:137,1
DA:141,1
DA:145,33
DA:146,33
DA:147,0
DA:153,3
DA:158,3
DA:163,3
DA:168,3
DA:171,2
DA:180,9
DA:185,1
LF:31
LH:30
BRDA:146,0,0,33
BRDA:146,0,1,9
BRDA:147,1,0,33
BRDA:147,1,1,9
BRDA:147,2,0,0
BRDA:147,2,1,0
BRDA:149,3,0,33
BRDA:149,3,1,9
BRDA:153,4,0,33
BRDA:153,4,1,9
BRDA:158,5,0,33
BRDA:158,5,1,9
BRDA:158,6,0,3
BRDA:158,6,1,3
BRDA:159,7,0,4
BRDA:159,7,1,29
BRDA:159,8,0,33
BRDA:159,8,1,9
BRDA:163,9,0,33
BRDA:163,9,1,9
BRDA:164,10,0,1
BRDA:164,10,1,32
BRDA:168,11,0,33
BRDA:168,11,1,9
BRDA:168,12,0,3
BRDA:168,12,1,3
BRDA:170,13,0,1
BRDA:170,13,1,32
BRDA:171,14,0,33
BRDA:171,14,1,9
BRDA:172,15,0,4
BRDA:172,15,1,29
BRDA:172,16,0,3
BRDA:172,16,1,30
BRDA:176,17,0,29
BRDA:176,17,1,4
BRDA:180,18,0,9
BRDA:180,18,1,9
BRF:38
BRH:36
end_of_record
TN:
SF:src\views\auth\RegisterView.vue
FN:187,render
FN:190,(anonymous_1)
FN:196,(anonymous_2)
FN:201,(anonymous_3)
FN:206,(anonymous_4)
FN:211,(anonymous_5)
FN:216,(anonymous_6)
FN:221,(anonymous_7)
FN:224,(anonymous_8)
FN:233,(anonymous_9)
FNF:10
FNH:9
FNDA:39,render
FNDA:0,(anonymous_1)
FNDA:3,(anonymous_2)
FNDA:3,(anonymous_3)
FNDA:3,(anonymous_4)
FNDA:3,(anonymous_5)
FNDA:3,(anonymous_6)
FNDA:3,(anonymous_7)
FNDA:2,(anonymous_8)
FNDA:10,(anonymous_9)
DA:4,1
DA:7,1
DA:125,1
DA:127,1
DA:130,1
DA:131,1
DA:132,1
DA:135,1
DA:138,1
DA:141,1
DA:144,1
DA:147,1
DA:151,1
DA:154,1
DA:157,1
DA:161,1
DA:164,1
DA:167,1
DA:168,1
DA:172,1
DA:176,1
DA:177,1
DA:180,1
DA:184,1
DA:188,39
DA:189,39
DA:190,0
DA:196,3
DA:201,3
DA:206,3
DA:211,3
DA:216,3
DA:221,3
DA:224,2
DA:233,10
DA:238,1
LF:36
LH:35
BRDA:189,0,0,39
BRDA:189,0,1,10
BRDA:190,1,0,39
BRDA:190,1,1,10
BRDA:190,2,0,0
BRDA:190,2,1,0
BRDA:192,3,0,39
BRDA:192,3,1,10
BRDA:196,4,0,39
BRDA:196,4,1,10
BRDA:201,5,0,39
BRDA:201,5,1,10
BRDA:201,6,0,3
BRDA:201,6,1,3
BRDA:202,7,0,4
BRDA:202,7,1,35
BRDA:202,8,0,39
BRDA:202,8,1,10
BRDA:206,9,0,39
BRDA:206,9,1,10
BRDA:211,10,0,39
BRDA:211,10,1,10
BRDA:211,11,0,3
BRDA:211,11,1,3
BRDA:212,12,0,4
BRDA:212,12,1,35
BRDA:212,13,0,39
BRDA:212,13,1,10
BRDA:216,14,0,39
BRDA:216,14,1,10
BRDA:217,15,0,1
BRDA:217,15,1,38
BRDA:221,16,0,39
BRDA:221,16,1,10
BRDA:221,17,0,3
BRDA:221,17,1,3
BRDA:223,18,0,1
BRDA:223,18,1,38
BRDA:224,19,0,39
BRDA:224,19,1,10
BRDA:225,20,0,4
BRDA:225,20,1,35
BRDA:225,21,0,3
BRDA:225,21,1,36
BRDA:229,22,0,35
BRDA:229,22,1,4
BRDA:233,23,0,10
BRDA:233,23,1,10
BRF:48
BRH:46
end_of_record
